CRITICAL - 2024-06-14 15:22:04 --> Unclosed '{' on line 27
in APPPATH\Helpers\functions_zone_helper.php on line 935.
 1 APPPATH\Controllers\theme.php(10): helper([...])
 2 SYSTEMPATH\CodeIgniter.php(914): App\Controllers\theme->__construct()
 3 SYSTEMPATH\CodeIgniter.php(493): CodeIgniter\CodeIgniter->createController()
 4 SYSTEMPATH\CodeIgniter.php(361): CodeIgniter\CodeIgniter->handleRequest(null, Object(Config\Cache), false)
 5 FCPATH\index.php(79): CodeIgniter\CodeIgniter->run()
CRITICAL - 2024-06-14 20:32:24 --> Undefined variable $sid
in APPPATH\Controllers\theme.php on line 538.
 1 APPPATH\Controllers\theme.php(538): CodeIgniter\Debug\Exceptions->errorHandler(2, 'Undefined variable $sid', 'C:\\xampp-2\\htdocs\\market\\app\\Controllers\\theme.php', 538)
 2 SYSTEMPATH\CodeIgniter.php(942): App\Controllers\theme->cart()
 3 SYSTEMPATH\CodeIgniter.php(502): CodeIgniter\CodeIgniter->runController(Object(App\Controllers\theme))
 4 SYSTEMPATH\CodeIgniter.php(361): CodeIgniter\CodeIgniter->handleRequest(null, Object(Config\Cache), false)
 5 FCPATH\index.php(79): CodeIgniter\CodeIgniter->run()
CRITICAL - 2024-06-14 20:33:29 --> Undefined variable $promocode
in APPPATH\Controllers\theme.php on line 547.
 1 APPPATH\Controllers\theme.php(547): CodeIgniter\Debug\Exceptions->errorHandler(2, 'Undefined variable $promocode', 'C:\\xampp-2\\htdocs\\market\\app\\Controllers\\theme.php', 547)
 2 SYSTEMPATH\CodeIgniter.php(942): App\Controllers\theme->cart()
 3 SYSTEMPATH\CodeIgniter.php(502): CodeIgniter\CodeIgniter->runController(Object(App\Controllers\theme))
 4 SYSTEMPATH\CodeIgniter.php(361): CodeIgniter\CodeIgniter->handleRequest(null, Object(Config\Cache), false)
 5 FCPATH\index.php(79): CodeIgniter\CodeIgniter->run()
CRITICAL - 2024-06-14 20:34:29 --> Undefined variable $comman_model
in APPPATH\Controllers\theme.php on line 550.
 1 APPPATH\Controllers\theme.php(550): CodeIgniter\Debug\Exceptions->errorHandler(2, 'Undefined variable $comman_model', 'C:\\xampp-2\\htdocs\\market\\app\\Controllers\\theme.php', 550)
 2 SYSTEMPATH\CodeIgniter.php(942): App\Controllers\theme->cart()
 3 SYSTEMPATH\CodeIgniter.php(502): CodeIgniter\CodeIgniter->runController(Object(App\Controllers\theme))
 4 SYSTEMPATH\CodeIgniter.php(361): CodeIgniter\CodeIgniter->handleRequest(null, Object(Config\Cache), false)
 5 FCPATH\index.php(79): CodeIgniter\CodeIgniter->run()
CRITICAL - 2024-06-14 20:35:27 --> Undefined variable $html
in APPPATH\Controllers\theme.php on line 592.
 1 APPPATH\Controllers\theme.php(592): CodeIgniter\Debug\Exceptions->errorHandler(2, 'Undefined variable $html', 'C:\\xampp-2\\htdocs\\market\\app\\Controllers\\theme.php', 592)
 2 SYSTEMPATH\CodeIgniter.php(942): App\Controllers\theme->cart()
 3 SYSTEMPATH\CodeIgniter.php(502): CodeIgniter\CodeIgniter->runController(Object(App\Controllers\theme))
 4 SYSTEMPATH\CodeIgniter.php(361): CodeIgniter\CodeIgniter->handleRequest(null, Object(Config\Cache), false)
 5 FCPATH\index.php(79): CodeIgniter\CodeIgniter->run()
CRITICAL - 2024-06-14 22:03:58 --> Undefined variable $html
in APPPATH\Controllers\theme.php on line 605.
 1 APPPATH\Controllers\theme.php(605): CodeIgniter\Debug\Exceptions->errorHandler(2, 'Undefined variable $html', 'C:\\xampp-2\\htdocs\\market\\app\\Controllers\\theme.php', 605)
 2 SYSTEMPATH\CodeIgniter.php(942): App\Controllers\theme->cart()
 3 SYSTEMPATH\CodeIgniter.php(502): CodeIgniter\CodeIgniter->runController(Object(App\Controllers\theme))
 4 SYSTEMPATH\CodeIgniter.php(361): CodeIgniter\CodeIgniter->handleRequest(null, Object(Config\Cache), false)
 5 FCPATH\index.php(79): CodeIgniter\CodeIgniter->run()
CRITICAL - 2024-06-14 22:07:42 --> Undefined variable $html
in APPPATH\Controllers\theme.php on line 603.
 1 APPPATH\Controllers\theme.php(603): CodeIgniter\Debug\Exceptions->errorHandler(2, 'Undefined variable $html', 'C:\\xampp-2\\htdocs\\market\\app\\Controllers\\theme.php', 603)
 2 SYSTEMPATH\CodeIgniter.php(942): App\Controllers\theme->cart()
 3 SYSTEMPATH\CodeIgniter.php(502): CodeIgniter\CodeIgniter->runController(Object(App\Controllers\theme))
 4 SYSTEMPATH\CodeIgniter.php(361): CodeIgniter\CodeIgniter->handleRequest(null, Object(Config\Cache), false)
 5 FCPATH\index.php(79): CodeIgniter\CodeIgniter->run()
CRITICAL - 2024-06-14 22:08:49 --> Undefined variable $html
in APPPATH\Controllers\theme.php on line 603.
 1 APPPATH\Controllers\theme.php(603): CodeIgniter\Debug\Exceptions->errorHandler(2, 'Undefined variable $html', 'C:\\xampp-2\\htdocs\\market\\app\\Controllers\\theme.php', 603)
 2 SYSTEMPATH\CodeIgniter.php(942): App\Controllers\theme->cart()
 3 SYSTEMPATH\CodeIgniter.php(502): CodeIgniter\CodeIgniter->runController(Object(App\Controllers\theme))
 4 SYSTEMPATH\CodeIgniter.php(361): CodeIgniter\CodeIgniter->handleRequest(null, Object(Config\Cache), false)
 5 FCPATH\index.php(79): CodeIgniter\CodeIgniter->run()
CRITICAL - 2024-06-14 22:09:01 --> Undefined variable $page
in APPPATH\Views\includes_site\navbar_main.php on line 8.
 1 APPPATH\Views\includes_site\navbar_main.php(8): CodeIgniter\Debug\Exceptions->errorHandler(2, 'Undefined variable $page', 'C:\\xampp-2\\htdocs\\market\\app\\Views\\includes_site\\navbar_main.php', 8)
 2 SYSTEMPATH\View\View.php(228): include('C:\\xampp-2\\htdocs\\market\\app\\Views\\includes_site\\navbar_main.php')
 3 SYSTEMPATH\View\View.php(231): CodeIgniter\View\View->CodeIgniter\View\{closure}()
 4 SYSTEMPATH\Common.php(1190): CodeIgniter\View\View->render('includes_site/navbar_main', [], true)
 5 APPPATH\Views\theme\cart.php(9): view('includes_site/navbar_main')
 6 SYSTEMPATH\View\View.php(228): include('C:\\xampp-2\\htdocs\\market\\app\\Views\\theme\\cart.php')
 7 SYSTEMPATH\View\View.php(231): CodeIgniter\View\View->CodeIgniter\View\{closure}()
 8 SYSTEMPATH\Common.php(1190): CodeIgniter\View\View->render('theme/cart', [], true)
 9 APPPATH\Controllers\theme.php(705): view('theme/cart')
10 SYSTEMPATH\CodeIgniter.php(942): App\Controllers\theme->cart()
11 SYSTEMPATH\CodeIgniter.php(502): CodeIgniter\CodeIgniter->runController(Object(App\Controllers\theme))
12 SYSTEMPATH\CodeIgniter.php(361): CodeIgniter\CodeIgniter->handleRequest(null, Object(Config\Cache), false)
13 FCPATH\index.php(79): CodeIgniter\CodeIgniter->run()
CRITICAL - 2024-06-14 22:09:56 --> Undefined variable $data
in APPPATH\Views\theme\cart.php on line 9.
 1 APPPATH\Views\theme\cart.php(9): CodeIgniter\Debug\Exceptions->errorHandler(2, 'Undefined variable $data', 'C:\\xampp-2\\htdocs\\market\\app\\Views\\theme\\cart.php', 9)
 2 SYSTEMPATH\View\View.php(228): include('C:\\xampp-2\\htdocs\\market\\app\\Views\\theme\\cart.php')
 3 SYSTEMPATH\View\View.php(231): CodeIgniter\View\View->CodeIgniter\View\{closure}()
 4 SYSTEMPATH\Common.php(1190): CodeIgniter\View\View->render('theme/cart', [], true)
 5 APPPATH\Controllers\theme.php(705): view('theme/cart')
 6 SYSTEMPATH\CodeIgniter.php(942): App\Controllers\theme->cart()
 7 SYSTEMPATH\CodeIgniter.php(502): CodeIgniter\CodeIgniter->runController(Object(App\Controllers\theme))
 8 SYSTEMPATH\CodeIgniter.php(361): CodeIgniter\CodeIgniter->handleRequest(null, Object(Config\Cache), false)
 9 FCPATH\index.php(79): CodeIgniter\CodeIgniter->run()
CRITICAL - 2024-06-14 22:11:18 --> Undefined variable $page
in APPPATH\Views\includes_site\navbar_main.php on line 8.
 1 APPPATH\Views\includes_site\navbar_main.php(8): CodeIgniter\Debug\Exceptions->errorHandler(2, 'Undefined variable $page', 'C:\\xampp-2\\htdocs\\market\\app\\Views\\includes_site\\navbar_main.php', 8)
 2 SYSTEMPATH\View\View.php(228): include('C:\\xampp-2\\htdocs\\market\\app\\Views\\includes_site\\navbar_main.php')
 3 SYSTEMPATH\View\View.php(231): CodeIgniter\View\View->CodeIgniter\View\{closure}()
 4 SYSTEMPATH\Common.php(1190): CodeIgniter\View\View->render('includes_site/navbar_main', [], true)
 5 APPPATH\Views\theme\cart.php(9): view('includes_site/navbar_main')
 6 SYSTEMPATH\View\View.php(228): include('C:\\xampp-2\\htdocs\\market\\app\\Views\\theme\\cart.php')
 7 SYSTEMPATH\View\View.php(231): CodeIgniter\View\View->CodeIgniter\View\{closure}()
 8 SYSTEMPATH\Common.php(1190): CodeIgniter\View\View->render('theme/cart', [], true)
 9 APPPATH\Controllers\theme.php(705): view('theme/cart')
10 SYSTEMPATH\CodeIgniter.php(942): App\Controllers\theme->cart()
11 SYSTEMPATH\CodeIgniter.php(502): CodeIgniter\CodeIgniter->runController(Object(App\Controllers\theme))
12 SYSTEMPATH\CodeIgniter.php(361): CodeIgniter\CodeIgniter->handleRequest(null, Object(Config\Cache), false)
13 FCPATH\index.php(79): CodeIgniter\CodeIgniter->run()
CRITICAL - 2024-06-14 22:12:00 --> Undefined variable $page
in APPPATH\Views\includes\navbar_main.php on line 3.
 1 APPPATH\Views\includes\navbar_main.php(3): CodeIgniter\Debug\Exceptions->errorHandler(2, 'Undefined variable $page', 'C:\\xampp-2\\htdocs\\market\\app\\Views\\includes\\navbar_main.php', 3)
 2 SYSTEMPATH\View\View.php(228): include('C:\\xampp-2\\htdocs\\market\\app\\Views\\includes\\navbar_main.php')
 3 SYSTEMPATH\View\View.php(231): CodeIgniter\View\View->CodeIgniter\View\{closure}()
 4 SYSTEMPATH\Common.php(1190): CodeIgniter\View\View->render('includes/navbar_main', [], true)
 5 APPPATH\Views\theme\cart.php(9): view('includes/navbar_main')
 6 SYSTEMPATH\View\View.php(228): include('C:\\xampp-2\\htdocs\\market\\app\\Views\\theme\\cart.php')
 7 SYSTEMPATH\View\View.php(231): CodeIgniter\View\View->CodeIgniter\View\{closure}()
 8 SYSTEMPATH\Common.php(1190): CodeIgniter\View\View->render('theme/cart', [], true)
 9 APPPATH\Controllers\theme.php(705): view('theme/cart')
10 SYSTEMPATH\CodeIgniter.php(942): App\Controllers\theme->cart()
11 SYSTEMPATH\CodeIgniter.php(502): CodeIgniter\CodeIgniter->runController(Object(App\Controllers\theme))
12 SYSTEMPATH\CodeIgniter.php(361): CodeIgniter\CodeIgniter->handleRequest(null, Object(Config\Cache), false)
13 FCPATH\index.php(79): CodeIgniter\CodeIgniter->run()
CRITICAL - 2024-06-14 22:12:06 --> Undefined variable $page
in APPPATH\Views\includes_site\navbar_main.php on line 8.
 1 APPPATH\Views\includes_site\navbar_main.php(8): CodeIgniter\Debug\Exceptions->errorHandler(2, 'Undefined variable $page', 'C:\\xampp-2\\htdocs\\market\\app\\Views\\includes_site\\navbar_main.php', 8)
 2 SYSTEMPATH\View\View.php(228): include('C:\\xampp-2\\htdocs\\market\\app\\Views\\includes_site\\navbar_main.php')
 3 SYSTEMPATH\View\View.php(231): CodeIgniter\View\View->CodeIgniter\View\{closure}()
 4 SYSTEMPATH\Common.php(1190): CodeIgniter\View\View->render('includes_site/navbar_main', [], true)
 5 APPPATH\Views\theme\cart.php(9): view('includes_site/navbar_main')
 6 SYSTEMPATH\View\View.php(228): include('C:\\xampp-2\\htdocs\\market\\app\\Views\\theme\\cart.php')
 7 SYSTEMPATH\View\View.php(231): CodeIgniter\View\View->CodeIgniter\View\{closure}()
 8 SYSTEMPATH\Common.php(1190): CodeIgniter\View\View->render('theme/cart', [], true)
 9 APPPATH\Controllers\theme.php(705): view('theme/cart')
10 SYSTEMPATH\CodeIgniter.php(942): App\Controllers\theme->cart()
11 SYSTEMPATH\CodeIgniter.php(502): CodeIgniter\CodeIgniter->runController(Object(App\Controllers\theme))
12 SYSTEMPATH\CodeIgniter.php(361): CodeIgniter\CodeIgniter->handleRequest(null, Object(Config\Cache), false)
13 FCPATH\index.php(79): CodeIgniter\CodeIgniter->run()
CRITICAL - 2024-06-14 22:13:41 --> Undefined variable $page
in APPPATH\Views\includes_site\navbar_main.php on line 8.
 1 APPPATH\Views\includes_site\navbar_main.php(8): CodeIgniter\Debug\Exceptions->errorHandler(2, 'Undefined variable $page', 'C:\\xampp-2\\htdocs\\market\\app\\Views\\includes_site\\navbar_main.php', 8)
 2 SYSTEMPATH\View\View.php(228): include('C:\\xampp-2\\htdocs\\market\\app\\Views\\includes_site\\navbar_main.php')
 3 SYSTEMPATH\View\View.php(231): CodeIgniter\View\View->CodeIgniter\View\{closure}()
 4 SYSTEMPATH\Common.php(1190): CodeIgniter\View\View->render('includes_site/navbar_main', [], true)
 5 APPPATH\Views\theme\cart.php(9): view('includes_site/navbar_main')
 6 SYSTEMPATH\View\View.php(228): include('C:\\xampp-2\\htdocs\\market\\app\\Views\\theme\\cart.php')
 7 SYSTEMPATH\View\View.php(231): CodeIgniter\View\View->CodeIgniter\View\{closure}()
 8 SYSTEMPATH\Common.php(1190): CodeIgniter\View\View->render('theme/cart', [], true)
 9 APPPATH\Controllers\theme.php(703): view('theme/cart')
10 SYSTEMPATH\CodeIgniter.php(942): App\Controllers\theme->cart()
11 SYSTEMPATH\CodeIgniter.php(502): CodeIgniter\CodeIgniter->runController(Object(App\Controllers\theme))
12 SYSTEMPATH\CodeIgniter.php(361): CodeIgniter\CodeIgniter->handleRequest(null, Object(Config\Cache), false)
13 FCPATH\index.php(79): CodeIgniter\CodeIgniter->run()
CRITICAL - 2024-06-14 22:14:19 --> Undefined variable $sid
in APPPATH\Views\theme\cart.php on line 29.
 1 APPPATH\Views\theme\cart.php(29): CodeIgniter\Debug\Exceptions->errorHandler(2, 'Undefined variable $sid', 'C:\\xampp-2\\htdocs\\market\\app\\Views\\theme\\cart.php', 29)
 2 SYSTEMPATH\View\View.php(228): include('C:\\xampp-2\\htdocs\\market\\app\\Views\\theme\\cart.php')
 3 SYSTEMPATH\View\View.php(231): CodeIgniter\View\View->CodeIgniter\View\{closure}()
 4 SYSTEMPATH\Common.php(1190): CodeIgniter\View\View->render('theme/cart', [], true)
 5 APPPATH\Controllers\theme.php(703): view('theme/cart')
 6 SYSTEMPATH\CodeIgniter.php(942): App\Controllers\theme->cart()
 7 SYSTEMPATH\CodeIgniter.php(502): CodeIgniter\CodeIgniter->runController(Object(App\Controllers\theme))
 8 SYSTEMPATH\CodeIgniter.php(361): CodeIgniter\CodeIgniter->handleRequest(null, Object(Config\Cache), false)
 9 FCPATH\index.php(79): CodeIgniter\CodeIgniter->run()
CRITICAL - 2024-06-14 22:15:06 --> Undefined variable $sid
in APPPATH\Views\theme\cart.php on line 29.
 1 APPPATH\Views\theme\cart.php(29): CodeIgniter\Debug\Exceptions->errorHandler(2, 'Undefined variable $sid', 'C:\\xampp-2\\htdocs\\market\\app\\Views\\theme\\cart.php', 29)
 2 SYSTEMPATH\View\View.php(228): include('C:\\xampp-2\\htdocs\\market\\app\\Views\\theme\\cart.php')
 3 SYSTEMPATH\View\View.php(231): CodeIgniter\View\View->CodeIgniter\View\{closure}()
 4 SYSTEMPATH\Common.php(1190): CodeIgniter\View\View->render('theme/cart', [], true)
 5 APPPATH\Controllers\theme.php(704): view('theme/cart')
 6 SYSTEMPATH\CodeIgniter.php(942): App\Controllers\theme->cart()
 7 SYSTEMPATH\CodeIgniter.php(502): CodeIgniter\CodeIgniter->runController(Object(App\Controllers\theme))
 8 SYSTEMPATH\CodeIgniter.php(361): CodeIgniter\CodeIgniter->handleRequest(null, Object(Config\Cache), false)
 9 FCPATH\index.php(79): CodeIgniter\CodeIgniter->run()
CRITICAL - 2024-06-14 22:15:08 --> Undefined variable $sid
in APPPATH\Views\theme\cart.php on line 29.
 1 APPPATH\Views\theme\cart.php(29): CodeIgniter\Debug\Exceptions->errorHandler(2, 'Undefined variable $sid', 'C:\\xampp-2\\htdocs\\market\\app\\Views\\theme\\cart.php', 29)
 2 SYSTEMPATH\View\View.php(228): include('C:\\xampp-2\\htdocs\\market\\app\\Views\\theme\\cart.php')
 3 SYSTEMPATH\View\View.php(231): CodeIgniter\View\View->CodeIgniter\View\{closure}()
 4 SYSTEMPATH\Common.php(1190): CodeIgniter\View\View->render('theme/cart', [], true)
 5 APPPATH\Controllers\theme.php(704): view('theme/cart')
 6 SYSTEMPATH\CodeIgniter.php(942): App\Controllers\theme->cart()
 7 SYSTEMPATH\CodeIgniter.php(502): CodeIgniter\CodeIgniter->runController(Object(App\Controllers\theme))
 8 SYSTEMPATH\CodeIgniter.php(361): CodeIgniter\CodeIgniter->handleRequest(null, Object(Config\Cache), false)
 9 FCPATH\index.php(79): CodeIgniter\CodeIgniter->run()
CRITICAL - 2024-06-14 22:15:44 --> Undefined variable $sid
in APPPATH\Views\theme\cart.php on line 29.
 1 APPPATH\Views\theme\cart.php(29): CodeIgniter\Debug\Exceptions->errorHandler(2, 'Undefined variable $sid', 'C:\\xampp-2\\htdocs\\market\\app\\Views\\theme\\cart.php', 29)
 2 SYSTEMPATH\View\View.php(228): include('C:\\xampp-2\\htdocs\\market\\app\\Views\\theme\\cart.php')
 3 SYSTEMPATH\View\View.php(231): CodeIgniter\View\View->CodeIgniter\View\{closure}()
 4 SYSTEMPATH\Common.php(1190): CodeIgniter\View\View->render('theme/cart', [], true)
 5 APPPATH\Controllers\theme.php(704): view('theme/cart')
 6 SYSTEMPATH\CodeIgniter.php(942): App\Controllers\theme->cart()
 7 SYSTEMPATH\CodeIgniter.php(502): CodeIgniter\CodeIgniter->runController(Object(App\Controllers\theme))
 8 SYSTEMPATH\CodeIgniter.php(361): CodeIgniter\CodeIgniter->handleRequest(null, Object(Config\Cache), false)
 9 FCPATH\index.php(79): CodeIgniter\CodeIgniter->run()
CRITICAL - 2024-06-14 22:15:47 --> Undefined variable $sid
in APPPATH\Views\theme\cart.php on line 29.
 1 APPPATH\Views\theme\cart.php(29): CodeIgniter\Debug\Exceptions->errorHandler(2, 'Undefined variable $sid', 'C:\\xampp-2\\htdocs\\market\\app\\Views\\theme\\cart.php', 29)
 2 SYSTEMPATH\View\View.php(228): include('C:\\xampp-2\\htdocs\\market\\app\\Views\\theme\\cart.php')
 3 SYSTEMPATH\View\View.php(231): CodeIgniter\View\View->CodeIgniter\View\{closure}()
 4 SYSTEMPATH\Common.php(1190): CodeIgniter\View\View->render('theme/cart', [], true)
 5 APPPATH\Controllers\theme.php(704): view('theme/cart')
 6 SYSTEMPATH\CodeIgniter.php(942): App\Controllers\theme->cart()
 7 SYSTEMPATH\CodeIgniter.php(502): CodeIgniter\CodeIgniter->runController(Object(App\Controllers\theme))
 8 SYSTEMPATH\CodeIgniter.php(361): CodeIgniter\CodeIgniter->handleRequest(null, Object(Config\Cache), false)
 9 FCPATH\index.php(79): CodeIgniter\CodeIgniter->run()
CRITICAL - 2024-06-14 22:16:03 --> Undefined variable $sid
in APPPATH\Views\theme\cart.php on line 25.
 1 APPPATH\Views\theme\cart.php(25): CodeIgniter\Debug\Exceptions->errorHandler(2, 'Undefined variable $sid', 'C:\\xampp-2\\htdocs\\market\\app\\Views\\theme\\cart.php', 25)
 2 SYSTEMPATH\View\View.php(228): include('C:\\xampp-2\\htdocs\\market\\app\\Views\\theme\\cart.php')
 3 SYSTEMPATH\View\View.php(231): CodeIgniter\View\View->CodeIgniter\View\{closure}()
 4 SYSTEMPATH\Common.php(1190): CodeIgniter\View\View->render('theme/cart', [], true)
 5 APPPATH\Controllers\theme.php(704): view('theme/cart')
 6 SYSTEMPATH\CodeIgniter.php(942): App\Controllers\theme->cart()
 7 SYSTEMPATH\CodeIgniter.php(502): CodeIgniter\CodeIgniter->runController(Object(App\Controllers\theme))
 8 SYSTEMPATH\CodeIgniter.php(361): CodeIgniter\CodeIgniter->handleRequest(null, Object(Config\Cache), false)
 9 FCPATH\index.php(79): CodeIgniter\CodeIgniter->run()
CRITICAL - 2024-06-14 22:16:04 --> Undefined variable $sid
in APPPATH\Views\theme\cart.php on line 25.
 1 APPPATH\Views\theme\cart.php(25): CodeIgniter\Debug\Exceptions->errorHandler(2, 'Undefined variable $sid', 'C:\\xampp-2\\htdocs\\market\\app\\Views\\theme\\cart.php', 25)
 2 SYSTEMPATH\View\View.php(228): include('C:\\xampp-2\\htdocs\\market\\app\\Views\\theme\\cart.php')
 3 SYSTEMPATH\View\View.php(231): CodeIgniter\View\View->CodeIgniter\View\{closure}()
 4 SYSTEMPATH\Common.php(1190): CodeIgniter\View\View->render('theme/cart', [], true)
 5 APPPATH\Controllers\theme.php(704): view('theme/cart')
 6 SYSTEMPATH\CodeIgniter.php(942): App\Controllers\theme->cart()
 7 SYSTEMPATH\CodeIgniter.php(502): CodeIgniter\CodeIgniter->runController(Object(App\Controllers\theme))
 8 SYSTEMPATH\CodeIgniter.php(361): CodeIgniter\CodeIgniter->handleRequest(null, Object(Config\Cache), false)
 9 FCPATH\index.php(79): CodeIgniter\CodeIgniter->run()
CRITICAL - 2024-06-14 22:16:43 --> Undefined variable $costumer_location_name
in APPPATH\Views\theme\cart.php on line 33.
 1 APPPATH\Views\theme\cart.php(33): CodeIgniter\Debug\Exceptions->errorHandler(2, 'Undefined variable $costumer_location_name', 'C:\\xampp-2\\htdocs\\market\\app\\Views\\theme\\cart.php', 33)
 2 SYSTEMPATH\View\View.php(228): include('C:\\xampp-2\\htdocs\\market\\app\\Views\\theme\\cart.php')
 3 SYSTEMPATH\View\View.php(231): CodeIgniter\View\View->CodeIgniter\View\{closure}()
 4 SYSTEMPATH\Common.php(1190): CodeIgniter\View\View->render('theme/cart', [], true)
 5 APPPATH\Controllers\theme.php(704): view('theme/cart', [...])
 6 SYSTEMPATH\CodeIgniter.php(942): App\Controllers\theme->cart()
 7 SYSTEMPATH\CodeIgniter.php(502): CodeIgniter\CodeIgniter->runController(Object(App\Controllers\theme))
 8 SYSTEMPATH\CodeIgniter.php(361): CodeIgniter\CodeIgniter->handleRequest(null, Object(Config\Cache), false)
 9 FCPATH\index.php(79): CodeIgniter\CodeIgniter->run()
CRITICAL - 2024-06-14 22:18:23 --> Undefined variable $id
in APPPATH\Views\theme\cart.php on line 42.
 1 APPPATH\Views\theme\cart.php(42): CodeIgniter\Debug\Exceptions->errorHandler(2, 'Undefined variable $id', 'C:\\xampp-2\\htdocs\\market\\app\\Views\\theme\\cart.php', 42)
 2 SYSTEMPATH\View\View.php(228): include('C:\\xampp-2\\htdocs\\market\\app\\Views\\theme\\cart.php')
 3 SYSTEMPATH\View\View.php(231): CodeIgniter\View\View->CodeIgniter\View\{closure}()
 4 SYSTEMPATH\Common.php(1190): CodeIgniter\View\View->render('theme/cart', [], true)
 5 APPPATH\Controllers\theme.php(704): view('theme/cart', [...])
 6 SYSTEMPATH\CodeIgniter.php(942): App\Controllers\theme->cart()
 7 SYSTEMPATH\CodeIgniter.php(502): CodeIgniter\CodeIgniter->runController(Object(App\Controllers\theme))
 8 SYSTEMPATH\CodeIgniter.php(361): CodeIgniter\CodeIgniter->handleRequest(null, Object(Config\Cache), false)
 9 FCPATH\index.php(79): CodeIgniter\CodeIgniter->run()
CRITICAL - 2024-06-14 22:21:22 --> Undefined variable $item_data
in APPPATH\Controllers\theme.php on line 606.
 1 APPPATH\Controllers\theme.php(606): CodeIgniter\Debug\Exceptions->errorHandler(2, 'Undefined variable $item_data', 'C:\\xampp-2\\htdocs\\market\\app\\Controllers\\theme.php', 606)
 2 SYSTEMPATH\CodeIgniter.php(942): App\Controllers\theme->cart()
 3 SYSTEMPATH\CodeIgniter.php(502): CodeIgniter\CodeIgniter->runController(Object(App\Controllers\theme))
 4 SYSTEMPATH\CodeIgniter.php(361): CodeIgniter\CodeIgniter->handleRequest(null, Object(Config\Cache), false)
 5 FCPATH\index.php(79): CodeIgniter\CodeIgniter->run()
CRITICAL - 2024-06-14 22:21:57 --> Undefined variable $quantity_val
in APPPATH\Controllers\theme.php on line 615.
 1 APPPATH\Controllers\theme.php(615): CodeIgniter\Debug\Exceptions->errorHandler(2, 'Undefined variable $quantity_val', 'C:\\xampp-2\\htdocs\\market\\app\\Controllers\\theme.php', 615)
 2 SYSTEMPATH\CodeIgniter.php(942): App\Controllers\theme->cart()
 3 SYSTEMPATH\CodeIgniter.php(502): CodeIgniter\CodeIgniter->runController(Object(App\Controllers\theme))
 4 SYSTEMPATH\CodeIgniter.php(361): CodeIgniter\CodeIgniter->handleRequest(null, Object(Config\Cache), false)
 5 FCPATH\index.php(79): CodeIgniter\CodeIgniter->run()
CRITICAL - 2024-06-14 22:23:02 --> Undefined variable $order_id
in APPPATH\Views\theme\cart.php on line 46.
 1 APPPATH\Views\theme\cart.php(46): CodeIgniter\Debug\Exceptions->errorHandler(2, 'Undefined variable $order_id', 'C:\\xampp-2\\htdocs\\market\\app\\Views\\theme\\cart.php', 46)
 2 SYSTEMPATH\View\View.php(228): include('C:\\xampp-2\\htdocs\\market\\app\\Views\\theme\\cart.php')
 3 SYSTEMPATH\View\View.php(231): CodeIgniter\View\View->CodeIgniter\View\{closure}()
 4 SYSTEMPATH\Common.php(1190): CodeIgniter\View\View->render('theme/cart', [], true)
 5 APPPATH\Controllers\theme.php(687): view('theme/cart', [...])
 6 SYSTEMPATH\CodeIgniter.php(942): App\Controllers\theme->cart()
 7 SYSTEMPATH\CodeIgniter.php(502): CodeIgniter\CodeIgniter->runController(Object(App\Controllers\theme))
 8 SYSTEMPATH\CodeIgniter.php(361): CodeIgniter\CodeIgniter->handleRequest(null, Object(Config\Cache), false)
 9 FCPATH\index.php(79): CodeIgniter\CodeIgniter->run()
CRITICAL - 2024-06-14 22:23:40 --> Undefined array key "order_id"
in APPPATH\Controllers\theme.php on line 608.
 1 APPPATH\Controllers\theme.php(608): CodeIgniter\Debug\Exceptions->errorHandler(2, 'Undefined array key "order_id"', 'C:\\xampp-2\\htdocs\\market\\app\\Controllers\\theme.php', 608)
 2 SYSTEMPATH\CodeIgniter.php(942): App\Controllers\theme->cart()
 3 SYSTEMPATH\CodeIgniter.php(502): CodeIgniter\CodeIgniter->runController(Object(App\Controllers\theme))
 4 SYSTEMPATH\CodeIgniter.php(361): CodeIgniter\CodeIgniter->handleRequest(null, Object(Config\Cache), false)
 5 FCPATH\index.php(79): CodeIgniter\CodeIgniter->run()
CRITICAL - 2024-06-14 22:23:42 --> Undefined array key "order_id"
in APPPATH\Controllers\theme.php on line 608.
 1 APPPATH\Controllers\theme.php(608): CodeIgniter\Debug\Exceptions->errorHandler(2, 'Undefined array key "order_id"', 'C:\\xampp-2\\htdocs\\market\\app\\Controllers\\theme.php', 608)
 2 SYSTEMPATH\CodeIgniter.php(942): App\Controllers\theme->cart()
 3 SYSTEMPATH\CodeIgniter.php(502): CodeIgniter\CodeIgniter->runController(Object(App\Controllers\theme))
 4 SYSTEMPATH\CodeIgniter.php(361): CodeIgniter\CodeIgniter->handleRequest(null, Object(Config\Cache), false)
 5 FCPATH\index.php(79): CodeIgniter\CodeIgniter->run()
CRITICAL - 2024-06-14 22:24:18 --> Undefined variable $order_id
in APPPATH\Views\theme\cart.php on line 46.
 1 APPPATH\Views\theme\cart.php(46): CodeIgniter\Debug\Exceptions->errorHandler(2, 'Undefined variable $order_id', 'C:\\xampp-2\\htdocs\\market\\app\\Views\\theme\\cart.php', 46)
 2 SYSTEMPATH\View\View.php(228): include('C:\\xampp-2\\htdocs\\market\\app\\Views\\theme\\cart.php')
 3 SYSTEMPATH\View\View.php(231): CodeIgniter\View\View->CodeIgniter\View\{closure}()
 4 SYSTEMPATH\Common.php(1190): CodeIgniter\View\View->render('theme/cart', [], true)
 5 APPPATH\Controllers\theme.php(687): view('theme/cart', [...])
 6 SYSTEMPATH\CodeIgniter.php(942): App\Controllers\theme->cart()
 7 SYSTEMPATH\CodeIgniter.php(502): CodeIgniter\CodeIgniter->runController(Object(App\Controllers\theme))
 8 SYSTEMPATH\CodeIgniter.php(361): CodeIgniter\CodeIgniter->handleRequest(null, Object(Config\Cache), false)
 9 FCPATH\index.php(79): CodeIgniter\CodeIgniter->run()
CRITICAL - 2024-06-14 22:24:58 --> Undefined property: CodeIgniter\View\View::$comman_model
in APPPATH\Views\theme\cart.php on line 47.
 1 APPPATH\Views\theme\cart.php(47): CodeIgniter\Debug\Exceptions->errorHandler(2, 'Undefined property: CodeIgniter\\View\\View::$comman_model', 'C:\\xampp-2\\htdocs\\market\\app\\Views\\theme\\cart.php', 47)
 2 SYSTEMPATH\View\View.php(228): include('C:\\xampp-2\\htdocs\\market\\app\\Views\\theme\\cart.php')
 3 SYSTEMPATH\View\View.php(231): CodeIgniter\View\View->CodeIgniter\View\{closure}()
 4 SYSTEMPATH\Common.php(1190): CodeIgniter\View\View->render('theme/cart', [], true)
 5 APPPATH\Controllers\theme.php(688): view('theme/cart', [...])
 6 SYSTEMPATH\CodeIgniter.php(942): App\Controllers\theme->cart()
 7 SYSTEMPATH\CodeIgniter.php(502): CodeIgniter\CodeIgniter->runController(Object(App\Controllers\theme))
 8 SYSTEMPATH\CodeIgniter.php(361): CodeIgniter\CodeIgniter->handleRequest(null, Object(Config\Cache), false)
 9 FCPATH\index.php(79): CodeIgniter\CodeIgniter->run()
CRITICAL - 2024-06-14 22:25:15 --> Undefined variable $request
in APPPATH\Controllers\theme.php on line 541.
 1 APPPATH\Controllers\theme.php(541): CodeIgniter\Debug\Exceptions->errorHandler(2, 'Undefined variable $request', 'C:\\xampp-2\\htdocs\\market\\app\\Controllers\\theme.php', 541)
 2 SYSTEMPATH\CodeIgniter.php(942): App\Controllers\theme->cart()
 3 SYSTEMPATH\CodeIgniter.php(502): CodeIgniter\CodeIgniter->runController(Object(App\Controllers\theme))
 4 SYSTEMPATH\CodeIgniter.php(361): CodeIgniter\CodeIgniter->handleRequest(null, Object(Config\Cache), false)
 5 FCPATH\index.php(79): CodeIgniter\CodeIgniter->run()
CRITICAL - 2024-06-14 22:25:58 --> Undefined property: CodeIgniter\View\View::$comman_model
in APPPATH\Views\theme\cart.php on line 47.
 1 APPPATH\Views\theme\cart.php(47): CodeIgniter\Debug\Exceptions->errorHandler(2, 'Undefined property: CodeIgniter\\View\\View::$comman_model', 'C:\\xampp-2\\htdocs\\market\\app\\Views\\theme\\cart.php', 47)
 2 SYSTEMPATH\View\View.php(228): include('C:\\xampp-2\\htdocs\\market\\app\\Views\\theme\\cart.php')
 3 SYSTEMPATH\View\View.php(231): CodeIgniter\View\View->CodeIgniter\View\{closure}()
 4 SYSTEMPATH\Common.php(1190): CodeIgniter\View\View->render('theme/cart', [], true)
 5 APPPATH\Controllers\theme.php(687): view('theme/cart', [...])
 6 SYSTEMPATH\CodeIgniter.php(942): App\Controllers\theme->cart()
 7 SYSTEMPATH\CodeIgniter.php(502): CodeIgniter\CodeIgniter->runController(Object(App\Controllers\theme))
 8 SYSTEMPATH\CodeIgniter.php(361): CodeIgniter\CodeIgniter->handleRequest(null, Object(Config\Cache), false)
 9 FCPATH\index.php(79): CodeIgniter\CodeIgniter->run()
CRITICAL - 2024-06-14 22:26:57 --> Undefined variable $date
in APPPATH\Views\theme\cart.php on line 301.
 1 APPPATH\Views\theme\cart.php(301): CodeIgniter\Debug\Exceptions->errorHandler(2, 'Undefined variable $date', 'C:\\xampp-2\\htdocs\\market\\app\\Views\\theme\\cart.php', 301)
 2 SYSTEMPATH\View\View.php(228): include('C:\\xampp-2\\htdocs\\market\\app\\Views\\theme\\cart.php')
 3 SYSTEMPATH\View\View.php(231): CodeIgniter\View\View->CodeIgniter\View\{closure}()
 4 SYSTEMPATH\Common.php(1190): CodeIgniter\View\View->render('theme/cart', [], true)
 5 APPPATH\Controllers\theme.php(687): view('theme/cart', [...])
 6 SYSTEMPATH\CodeIgniter.php(942): App\Controllers\theme->cart()
 7 SYSTEMPATH\CodeIgniter.php(502): CodeIgniter\CodeIgniter->runController(Object(App\Controllers\theme))
 8 SYSTEMPATH\CodeIgniter.php(361): CodeIgniter\CodeIgniter->handleRequest(null, Object(Config\Cache), false)
 9 FCPATH\index.php(79): CodeIgniter\CodeIgniter->run()
CRITICAL - 2024-06-14 22:33:31 --> syntax error, unexpected string content "", expecting "-" or identifier or variable or number
in APPPATH\Views\theme\cart.php on line 303.
 1 SYSTEMPATH\View\View.php(231): CodeIgniter\View\View->CodeIgniter\View\{closure}()
 2 SYSTEMPATH\Common.php(1190): CodeIgniter\View\View->render('theme/cart', [], true)
 3 APPPATH\Controllers\theme.php(683): view('theme/cart', [...])
 4 SYSTEMPATH\CodeIgniter.php(942): App\Controllers\theme->cart()
 5 SYSTEMPATH\CodeIgniter.php(502): CodeIgniter\CodeIgniter->runController(Object(App\Controllers\theme))
 6 SYSTEMPATH\CodeIgniter.php(361): CodeIgniter\CodeIgniter->handleRequest(null, Object(Config\Cache), false)
 7 FCPATH\index.php(79): CodeIgniter\CodeIgniter->run()
CRITICAL - 2024-06-14 22:33:33 --> syntax error, unexpected string content "", expecting "-" or identifier or variable or number
in APPPATH\Views\theme\cart.php on line 303.
 1 SYSTEMPATH\View\View.php(231): CodeIgniter\View\View->CodeIgniter\View\{closure}()
 2 SYSTEMPATH\Common.php(1190): CodeIgniter\View\View->render('theme/cart', [], true)
 3 APPPATH\Controllers\theme.php(683): view('theme/cart', [...])
 4 SYSTEMPATH\CodeIgniter.php(942): App\Controllers\theme->cart()
 5 SYSTEMPATH\CodeIgniter.php(502): CodeIgniter\CodeIgniter->runController(Object(App\Controllers\theme))
 6 SYSTEMPATH\CodeIgniter.php(361): CodeIgniter\CodeIgniter->handleRequest(null, Object(Config\Cache), false)
 7 FCPATH\index.php(79): CodeIgniter\CodeIgniter->run()
CRITICAL - 2024-06-14 22:33:48 --> Undefined variable $isOrder
in APPPATH\Views\theme\cart.php on line 331.
 1 APPPATH\Views\theme\cart.php(331): CodeIgniter\Debug\Exceptions->errorHandler(2, 'Undefined variable $isOrder', 'C:\\xampp-2\\htdocs\\market\\app\\Views\\theme\\cart.php', 331)
 2 SYSTEMPATH\View\View.php(228): include('C:\\xampp-2\\htdocs\\market\\app\\Views\\theme\\cart.php')
 3 SYSTEMPATH\View\View.php(231): CodeIgniter\View\View->CodeIgniter\View\{closure}()
 4 SYSTEMPATH\Common.php(1190): CodeIgniter\View\View->render('theme/cart', [], true)
 5 APPPATH\Controllers\theme.php(683): view('theme/cart', [...])
 6 SYSTEMPATH\CodeIgniter.php(942): App\Controllers\theme->cart()
 7 SYSTEMPATH\CodeIgniter.php(502): CodeIgniter\CodeIgniter->runController(Object(App\Controllers\theme))
 8 SYSTEMPATH\CodeIgniter.php(361): CodeIgniter\CodeIgniter->handleRequest(null, Object(Config\Cache), false)
 9 FCPATH\index.php(79): CodeIgniter\CodeIgniter->run()
CRITICAL - 2024-06-14 22:34:58 --> Undefined variable $html
in APPPATH\Controllers\theme.php on line 682.
 1 APPPATH\Controllers\theme.php(682): CodeIgniter\Debug\Exceptions->errorHandler(2, 'Undefined variable $html', 'C:\\xampp-2\\htdocs\\market\\app\\Controllers\\theme.php', 682)
 2 SYSTEMPATH\CodeIgniter.php(942): App\Controllers\theme->cart()
 3 SYSTEMPATH\CodeIgniter.php(502): CodeIgniter\CodeIgniter->runController(Object(App\Controllers\theme))
 4 SYSTEMPATH\CodeIgniter.php(361): CodeIgniter\CodeIgniter->handleRequest(null, Object(Config\Cache), false)
 5 FCPATH\index.php(79): CodeIgniter\CodeIgniter->run()
CRITICAL - 2024-06-14 22:36:47 --> Undefined variable $discount_type
in APPPATH\Views\theme\cart.php on line 76.
 1 APPPATH\Views\theme\cart.php(76): CodeIgniter\Debug\Exceptions->errorHandler(2, 'Undefined variable $discount_type', 'C:\\xampp-2\\htdocs\\market\\app\\Views\\theme\\cart.php', 76)
 2 SYSTEMPATH\View\View.php(228): include('C:\\xampp-2\\htdocs\\market\\app\\Views\\theme\\cart.php')
 3 SYSTEMPATH\View\View.php(231): CodeIgniter\View\View->CodeIgniter\View\{closure}()
 4 SYSTEMPATH\Common.php(1190): CodeIgniter\View\View->render('theme/cart', [], true)
 5 APPPATH\Controllers\theme.php(675): view('theme/cart', [...])
 6 SYSTEMPATH\CodeIgniter.php(942): App\Controllers\theme->cart()
 7 SYSTEMPATH\CodeIgniter.php(502): CodeIgniter\CodeIgniter->runController(Object(App\Controllers\theme))
 8 SYSTEMPATH\CodeIgniter.php(361): CodeIgniter\CodeIgniter->handleRequest(null, Object(Config\Cache), false)
 9 FCPATH\index.php(79): CodeIgniter\CodeIgniter->run()
CRITICAL - 2024-06-14 22:37:41 --> Undefined variable $costumer_location_name
in APPPATH\Views\theme\cart.php on line 34.
 1 APPPATH\Views\theme\cart.php(34): CodeIgniter\Debug\Exceptions->errorHandler(2, 'Undefined variable $costumer_location_name', 'C:\\xampp-2\\htdocs\\market\\app\\Views\\theme\\cart.php', 34)
 2 SYSTEMPATH\View\View.php(228): include('C:\\xampp-2\\htdocs\\market\\app\\Views\\theme\\cart.php')
 3 SYSTEMPATH\View\View.php(231): CodeIgniter\View\View->CodeIgniter\View\{closure}()
 4 SYSTEMPATH\Common.php(1190): CodeIgniter\View\View->render('theme/cart', [], true)
 5 APPPATH\Controllers\theme.php(676): view('theme/cart', [...])
 6 SYSTEMPATH\CodeIgniter.php(942): App\Controllers\theme->cart()
 7 SYSTEMPATH\CodeIgniter.php(502): CodeIgniter\CodeIgniter->runController(Object(App\Controllers\theme))
 8 SYSTEMPATH\CodeIgniter.php(361): CodeIgniter\CodeIgniter->handleRequest(null, Object(Config\Cache), false)
 9 FCPATH\index.php(79): CodeIgniter\CodeIgniter->run()
CRITICAL - 2024-06-14 22:39:35 --> Undefined variable $costumer_location_name
in APPPATH\Views\theme\cart.php on line 34.
 1 APPPATH\Views\theme\cart.php(34): CodeIgniter\Debug\Exceptions->errorHandler(2, 'Undefined variable $costumer_location_name', 'C:\\xampp-2\\htdocs\\market\\app\\Views\\theme\\cart.php', 34)
 2 SYSTEMPATH\View\View.php(228): include('C:\\xampp-2\\htdocs\\market\\app\\Views\\theme\\cart.php')
 3 SYSTEMPATH\View\View.php(231): CodeIgniter\View\View->CodeIgniter\View\{closure}()
 4 SYSTEMPATH\Common.php(1190): CodeIgniter\View\View->render('theme/cart', [], true)
 5 APPPATH\Controllers\theme.php(676): view('theme/cart', [...])
 6 SYSTEMPATH\CodeIgniter.php(942): App\Controllers\theme->cart()
 7 SYSTEMPATH\CodeIgniter.php(502): CodeIgniter\CodeIgniter->runController(Object(App\Controllers\theme))
 8 SYSTEMPATH\CodeIgniter.php(361): CodeIgniter\CodeIgniter->handleRequest(null, Object(Config\Cache), false)
 9 FCPATH\index.php(79): CodeIgniter\CodeIgniter->run()
CRITICAL - 2024-06-14 22:39:53 --> Undefined variable $user_id
in APPPATH\Views\theme\cart.php on line 30.
 1 APPPATH\Views\theme\cart.php(30): CodeIgniter\Debug\Exceptions->errorHandler(2, 'Undefined variable $user_id', 'C:\\xampp-2\\htdocs\\market\\app\\Views\\theme\\cart.php', 30)
 2 SYSTEMPATH\View\View.php(228): include('C:\\xampp-2\\htdocs\\market\\app\\Views\\theme\\cart.php')
 3 SYSTEMPATH\View\View.php(231): CodeIgniter\View\View->CodeIgniter\View\{closure}()
 4 SYSTEMPATH\Common.php(1190): CodeIgniter\View\View->render('theme/cart', [], true)
 5 APPPATH\Controllers\theme.php(676): view('theme/cart', [...])
 6 SYSTEMPATH\CodeIgniter.php(942): App\Controllers\theme->cart()
 7 SYSTEMPATH\CodeIgniter.php(502): CodeIgniter\CodeIgniter->runController(Object(App\Controllers\theme))
 8 SYSTEMPATH\CodeIgniter.php(361): CodeIgniter\CodeIgniter->handleRequest(null, Object(Config\Cache), false)
 9 FCPATH\index.php(79): CodeIgniter\CodeIgniter->run()
CRITICAL - 2024-06-14 22:40:14 --> Undefined variable $discount_type
in APPPATH\Views\theme\cart.php on line 76.
 1 APPPATH\Views\theme\cart.php(76): CodeIgniter\Debug\Exceptions->errorHandler(2, 'Undefined variable $discount_type', 'C:\\xampp-2\\htdocs\\market\\app\\Views\\theme\\cart.php', 76)
 2 SYSTEMPATH\View\View.php(228): include('C:\\xampp-2\\htdocs\\market\\app\\Views\\theme\\cart.php')
 3 SYSTEMPATH\View\View.php(231): CodeIgniter\View\View->CodeIgniter\View\{closure}()
 4 SYSTEMPATH\Common.php(1190): CodeIgniter\View\View->render('theme/cart', [], true)
 5 APPPATH\Controllers\theme.php(676): view('theme/cart', [...])
 6 SYSTEMPATH\CodeIgniter.php(942): App\Controllers\theme->cart()
 7 SYSTEMPATH\CodeIgniter.php(502): CodeIgniter\CodeIgniter->runController(Object(App\Controllers\theme))
 8 SYSTEMPATH\CodeIgniter.php(361): CodeIgniter\CodeIgniter->handleRequest(null, Object(Config\Cache), false)
 9 FCPATH\index.php(79): CodeIgniter\CodeIgniter->run()
CRITICAL - 2024-06-14 22:44:26 --> Undefined variable $items_id
in APPPATH\Views\theme\cart.php on line 84.
 1 APPPATH\Views\theme\cart.php(84): CodeIgniter\Debug\Exceptions->errorHandler(2, 'Undefined variable $items_id', 'C:\\xampp-2\\htdocs\\market\\app\\Views\\theme\\cart.php', 84)
 2 SYSTEMPATH\View\View.php(228): include('C:\\xampp-2\\htdocs\\market\\app\\Views\\theme\\cart.php')
 3 SYSTEMPATH\View\View.php(231): CodeIgniter\View\View->CodeIgniter\View\{closure}()
 4 SYSTEMPATH\Common.php(1190): CodeIgniter\View\View->render('theme/cart', [], true)
 5 APPPATH\Controllers\theme.php(676): view('theme/cart', [...])
 6 SYSTEMPATH\CodeIgniter.php(942): App\Controllers\theme->cart()
 7 SYSTEMPATH\CodeIgniter.php(502): CodeIgniter\CodeIgniter->runController(Object(App\Controllers\theme))
 8 SYSTEMPATH\CodeIgniter.php(361): CodeIgniter\CodeIgniter->handleRequest(null, Object(Config\Cache), false)
 9 FCPATH\index.php(79): CodeIgniter\CodeIgniter->run()
CRITICAL - 2024-06-14 22:47:30 --> Undefined variable $item_image
in APPPATH\Views\theme\cart.php on line 85.
 1 APPPATH\Views\theme\cart.php(85): CodeIgniter\Debug\Exceptions->errorHandler(2, 'Undefined variable $item_image', 'C:\\xampp-2\\htdocs\\market\\app\\Views\\theme\\cart.php', 85)
 2 SYSTEMPATH\View\View.php(228): include('C:\\xampp-2\\htdocs\\market\\app\\Views\\theme\\cart.php')
 3 SYSTEMPATH\View\View.php(231): CodeIgniter\View\View->CodeIgniter\View\{closure}()
 4 SYSTEMPATH\Common.php(1190): CodeIgniter\View\View->render('theme/cart', [], true)
 5 APPPATH\Controllers\theme.php(676): view('theme/cart', [...])
 6 SYSTEMPATH\CodeIgniter.php(942): App\Controllers\theme->cart()
 7 SYSTEMPATH\CodeIgniter.php(502): CodeIgniter\CodeIgniter->runController(Object(App\Controllers\theme))
 8 SYSTEMPATH\CodeIgniter.php(361): CodeIgniter\CodeIgniter->handleRequest(null, Object(Config\Cache), false)
 9 FCPATH\index.php(79): CodeIgniter\CodeIgniter->run()
CRITICAL - 2024-06-14 22:47:41 --> Undefined variable $items_id
in APPPATH\Views\theme\cart.php on line 88.
 1 APPPATH\Views\theme\cart.php(88): CodeIgniter\Debug\Exceptions->errorHandler(2, 'Undefined variable $items_id', 'C:\\xampp-2\\htdocs\\market\\app\\Views\\theme\\cart.php', 88)
 2 SYSTEMPATH\View\View.php(228): include('C:\\xampp-2\\htdocs\\market\\app\\Views\\theme\\cart.php')
 3 SYSTEMPATH\View\View.php(231): CodeIgniter\View\View->CodeIgniter\View\{closure}()
 4 SYSTEMPATH\Common.php(1190): CodeIgniter\View\View->render('theme/cart', [], true)
 5 APPPATH\Controllers\theme.php(676): view('theme/cart', [...])
 6 SYSTEMPATH\CodeIgniter.php(942): App\Controllers\theme->cart()
 7 SYSTEMPATH\CodeIgniter.php(502): CodeIgniter\CodeIgniter->runController(Object(App\Controllers\theme))
 8 SYSTEMPATH\CodeIgniter.php(361): CodeIgniter\CodeIgniter->handleRequest(null, Object(Config\Cache), false)
 9 FCPATH\index.php(79): CodeIgniter\CodeIgniter->run()
CRITICAL - 2024-06-14 22:48:46 --> Undefined variable $item_quantity
in APPPATH\Views\theme\cart.php on line 98.
 1 APPPATH\Views\theme\cart.php(98): CodeIgniter\Debug\Exceptions->errorHandler(2, 'Undefined variable $item_quantity', 'C:\\xampp-2\\htdocs\\market\\app\\Views\\theme\\cart.php', 98)
 2 SYSTEMPATH\View\View.php(228): include('C:\\xampp-2\\htdocs\\market\\app\\Views\\theme\\cart.php')
 3 SYSTEMPATH\View\View.php(231): CodeIgniter\View\View->CodeIgniter\View\{closure}()
 4 SYSTEMPATH\Common.php(1190): CodeIgniter\View\View->render('theme/cart', [], true)
 5 APPPATH\Controllers\theme.php(676): view('theme/cart', [...])
 6 SYSTEMPATH\CodeIgniter.php(942): App\Controllers\theme->cart()
 7 SYSTEMPATH\CodeIgniter.php(502): CodeIgniter\CodeIgniter->runController(Object(App\Controllers\theme))
 8 SYSTEMPATH\CodeIgniter.php(361): CodeIgniter\CodeIgniter->handleRequest(null, Object(Config\Cache), false)
 9 FCPATH\index.php(79): CodeIgniter\CodeIgniter->run()
CRITICAL - 2024-06-14 22:49:30 --> Undefined variable $order_id_btn
in APPPATH\Views\theme\cart.php on line 279.
 1 APPPATH\Views\theme\cart.php(279): CodeIgniter\Debug\Exceptions->errorHandler(2, 'Undefined variable $order_id_btn', 'C:\\xampp-2\\htdocs\\market\\app\\Views\\theme\\cart.php', 279)
 2 SYSTEMPATH\View\View.php(228): include('C:\\xampp-2\\htdocs\\market\\app\\Views\\theme\\cart.php')
 3 SYSTEMPATH\View\View.php(231): CodeIgniter\View\View->CodeIgniter\View\{closure}()
 4 SYSTEMPATH\Common.php(1190): CodeIgniter\View\View->render('theme/cart', [], true)
 5 APPPATH\Controllers\theme.php(676): view('theme/cart', [...])
 6 SYSTEMPATH\CodeIgniter.php(942): App\Controllers\theme->cart()
 7 SYSTEMPATH\CodeIgniter.php(502): CodeIgniter\CodeIgniter->runController(Object(App\Controllers\theme))
 8 SYSTEMPATH\CodeIgniter.php(361): CodeIgniter\CodeIgniter->handleRequest(null, Object(Config\Cache), false)
 9 FCPATH\index.php(79): CodeIgniter\CodeIgniter->run()
CRITICAL - 2024-06-14 22:59:30 --> Undefined variable $d2
in APPPATH\Views\theme\cart.php on line 288.
 1 APPPATH\Views\theme\cart.php(288): CodeIgniter\Debug\Exceptions->errorHandler(2, 'Undefined variable $d2', 'C:\\xampp-2\\htdocs\\market\\app\\Views\\theme\\cart.php', 288)
 2 SYSTEMPATH\View\View.php(228): include('C:\\xampp-2\\htdocs\\market\\app\\Views\\theme\\cart.php')
 3 SYSTEMPATH\View\View.php(231): CodeIgniter\View\View->CodeIgniter\View\{closure}()
 4 SYSTEMPATH\Common.php(1190): CodeIgniter\View\View->render('theme/cart', [], true)
 5 APPPATH\Controllers\theme.php(675): view('theme/cart', [...])
 6 SYSTEMPATH\CodeIgniter.php(942): App\Controllers\theme->cart()
 7 SYSTEMPATH\CodeIgniter.php(502): CodeIgniter\CodeIgniter->runController(Object(App\Controllers\theme))
 8 SYSTEMPATH\CodeIgniter.php(361): CodeIgniter\CodeIgniter->handleRequest(null, Object(Config\Cache), false)
 9 FCPATH\index.php(79): CodeIgniter\CodeIgniter->run()
ERROR - 2024-06-14 23:00:02 --> mysqli_sql_exception: Column 'user_id' cannot be null in C:\xampp-2\htdocs\market\system\Database\MySQLi\Connection.php:306
Stack trace:
#0 C:\xampp-2\htdocs\market\system\Database\MySQLi\Connection.php(306): mysqli->query('INSERT INTO `or...', 0)
#1 C:\xampp-2\htdocs\market\system\Database\BaseConnection.php(693): CodeIgniter\Database\MySQLi\Connection->execute('INSERT INTO `or...')
#2 C:\xampp-2\htdocs\market\system\Database\BaseConnection.php(607): CodeIgniter\Database\BaseConnection->simpleQuery('INSERT INTO `or...')
#3 C:\xampp-2\htdocs\market\system\Database\BaseBuilder.php(2308): CodeIgniter\Database\BaseConnection->query('INSERT INTO `or...', Array, false)
#4 C:\xampp-2\htdocs\market\app\Models\Comman_model.php(40): CodeIgniter\Database\BaseBuilder->insert(Array)
#5 C:\xampp-2\htdocs\market\app\Controllers\theme.php(483): App\Models\Comman_model->insert_entry('orders', Array)
#6 C:\xampp-2\htdocs\market\system\CodeIgniter.php(942): App\Controllers\theme->add_order()
#7 C:\xampp-2\htdocs\market\system\CodeIgniter.php(502): CodeIgniter\CodeIgniter->runController(Object(App\Controllers\theme))
#8 C:\xampp-2\htdocs\market\system\CodeIgniter.php(361): CodeIgniter\CodeIgniter->handleRequest(NULL, Object(Config\Cache), false)
#9 C:\xampp-2\htdocs\market\public\index.php(79): CodeIgniter\CodeIgniter->run()
#10 {main}
CRITICAL - 2024-06-14 23:00:02 --> Column 'user_id' cannot be null
in SYSTEMPATH\Database\BaseConnection.php on line 647.
 1 SYSTEMPATH\Database\BaseBuilder.php(2308): CodeIgniter\Database\BaseConnection->query('INSERT INTO `orders` (`id`, `user_id`, `location`, `accept`, `shop_finish`, `note`, `pos`) VALUES (:id:, :user_id:, :location:, :accept:, :shop_finish:, :note:, :pos:)', [...], false)
 2 APPPATH\Models\Comman_model.php(40): CodeIgniter\Database\BaseBuilder->insert([...])
 3 APPPATH\Controllers\theme.php(483): App\Models\Comman_model->insert_entry('orders', [...])
 4 SYSTEMPATH\CodeIgniter.php(942): App\Controllers\theme->add_order()
 5 SYSTEMPATH\CodeIgniter.php(502): CodeIgniter\CodeIgniter->runController(Object(App\Controllers\theme))
 6 SYSTEMPATH\CodeIgniter.php(361): CodeIgniter\CodeIgniter->handleRequest(null, Object(Config\Cache), false)
 7 FCPATH\index.php(79): CodeIgniter\CodeIgniter->run()
ERROR - 2024-06-14 23:00:19 --> mysqli_sql_exception: Column 'user_id' cannot be null in C:\xampp-2\htdocs\market\system\Database\MySQLi\Connection.php:306
Stack trace:
#0 C:\xampp-2\htdocs\market\system\Database\MySQLi\Connection.php(306): mysqli->query('INSERT INTO `or...', 0)
#1 C:\xampp-2\htdocs\market\system\Database\BaseConnection.php(693): CodeIgniter\Database\MySQLi\Connection->execute('INSERT INTO `or...')
#2 C:\xampp-2\htdocs\market\system\Database\BaseConnection.php(607): CodeIgniter\Database\BaseConnection->simpleQuery('INSERT INTO `or...')
#3 C:\xampp-2\htdocs\market\system\Database\BaseBuilder.php(2308): CodeIgniter\Database\BaseConnection->query('INSERT INTO `or...', Array, false)
#4 C:\xampp-2\htdocs\market\app\Models\Comman_model.php(40): CodeIgniter\Database\BaseBuilder->insert(Array)
#5 C:\xampp-2\htdocs\market\app\Controllers\theme.php(483): App\Models\Comman_model->insert_entry('orders', Array)
#6 C:\xampp-2\htdocs\market\system\CodeIgniter.php(942): App\Controllers\theme->add_order()
#7 C:\xampp-2\htdocs\market\system\CodeIgniter.php(502): CodeIgniter\CodeIgniter->runController(Object(App\Controllers\theme))
#8 C:\xampp-2\htdocs\market\system\CodeIgniter.php(361): CodeIgniter\CodeIgniter->handleRequest(NULL, Object(Config\Cache), false)
#9 C:\xampp-2\htdocs\market\public\index.php(79): CodeIgniter\CodeIgniter->run()
#10 {main}
CRITICAL - 2024-06-14 23:00:19 --> Column 'user_id' cannot be null
in SYSTEMPATH\Database\BaseConnection.php on line 647.
 1 SYSTEMPATH\Database\BaseBuilder.php(2308): CodeIgniter\Database\BaseConnection->query('INSERT INTO `orders` (`id`, `user_id`, `location`, `accept`, `shop_finish`, `note`, `pos`) VALUES (:id:, :user_id:, :location:, :accept:, :shop_finish:, :note:, :pos:)', [...], false)
 2 APPPATH\Models\Comman_model.php(40): CodeIgniter\Database\BaseBuilder->insert([...])
 3 APPPATH\Controllers\theme.php(483): App\Models\Comman_model->insert_entry('orders', [...])
 4 SYSTEMPATH\CodeIgniter.php(942): App\Controllers\theme->add_order()
 5 SYSTEMPATH\CodeIgniter.php(502): CodeIgniter\CodeIgniter->runController(Object(App\Controllers\theme))
 6 SYSTEMPATH\CodeIgniter.php(361): CodeIgniter\CodeIgniter->handleRequest(null, Object(Config\Cache), false)
 7 FCPATH\index.php(79): CodeIgniter\CodeIgniter->run()
ERROR - 2024-06-14 23:00:22 --> mysqli_sql_exception: Column 'user_id' cannot be null in C:\xampp-2\htdocs\market\system\Database\MySQLi\Connection.php:306
Stack trace:
#0 C:\xampp-2\htdocs\market\system\Database\MySQLi\Connection.php(306): mysqli->query('INSERT INTO `or...', 0)
#1 C:\xampp-2\htdocs\market\system\Database\BaseConnection.php(693): CodeIgniter\Database\MySQLi\Connection->execute('INSERT INTO `or...')
#2 C:\xampp-2\htdocs\market\system\Database\BaseConnection.php(607): CodeIgniter\Database\BaseConnection->simpleQuery('INSERT INTO `or...')
#3 C:\xampp-2\htdocs\market\system\Database\BaseBuilder.php(2308): CodeIgniter\Database\BaseConnection->query('INSERT INTO `or...', Array, false)
#4 C:\xampp-2\htdocs\market\app\Models\Comman_model.php(40): CodeIgniter\Database\BaseBuilder->insert(Array)
#5 C:\xampp-2\htdocs\market\app\Controllers\theme.php(483): App\Models\Comman_model->insert_entry('orders', Array)
#6 C:\xampp-2\htdocs\market\system\CodeIgniter.php(942): App\Controllers\theme->add_order()
#7 C:\xampp-2\htdocs\market\system\CodeIgniter.php(502): CodeIgniter\CodeIgniter->runController(Object(App\Controllers\theme))
#8 C:\xampp-2\htdocs\market\system\CodeIgniter.php(361): CodeIgniter\CodeIgniter->handleRequest(NULL, Object(Config\Cache), false)
#9 C:\xampp-2\htdocs\market\public\index.php(79): CodeIgniter\CodeIgniter->run()
#10 {main}
CRITICAL - 2024-06-14 23:00:22 --> Column 'user_id' cannot be null
in SYSTEMPATH\Database\BaseConnection.php on line 647.
 1 SYSTEMPATH\Database\BaseBuilder.php(2308): CodeIgniter\Database\BaseConnection->query('INSERT INTO `orders` (`id`, `user_id`, `location`, `accept`, `shop_finish`, `note`, `pos`) VALUES (:id:, :user_id:, :location:, :accept:, :shop_finish:, :note:, :pos:)', [...], false)
 2 APPPATH\Models\Comman_model.php(40): CodeIgniter\Database\BaseBuilder->insert([...])
 3 APPPATH\Controllers\theme.php(483): App\Models\Comman_model->insert_entry('orders', [...])
 4 SYSTEMPATH\CodeIgniter.php(942): App\Controllers\theme->add_order()
 5 SYSTEMPATH\CodeIgniter.php(502): CodeIgniter\CodeIgniter->runController(Object(App\Controllers\theme))
 6 SYSTEMPATH\CodeIgniter.php(361): CodeIgniter\CodeIgniter->handleRequest(null, Object(Config\Cache), false)
 7 FCPATH\index.php(79): CodeIgniter\CodeIgniter->run()
ERROR - 2024-06-14 23:03:23 --> mysqli_sql_exception: Column 'user_id' cannot be null in C:\xampp-2\htdocs\market\system\Database\MySQLi\Connection.php:306
Stack trace:
#0 C:\xampp-2\htdocs\market\system\Database\MySQLi\Connection.php(306): mysqli->query('INSERT INTO `or...', 0)
#1 C:\xampp-2\htdocs\market\system\Database\BaseConnection.php(693): CodeIgniter\Database\MySQLi\Connection->execute('INSERT INTO `or...')
#2 C:\xampp-2\htdocs\market\system\Database\BaseConnection.php(607): CodeIgniter\Database\BaseConnection->simpleQuery('INSERT INTO `or...')
#3 C:\xampp-2\htdocs\market\system\Database\BaseBuilder.php(2308): CodeIgniter\Database\BaseConnection->query('INSERT INTO `or...', Array, false)
#4 C:\xampp-2\htdocs\market\app\Models\Comman_model.php(40): CodeIgniter\Database\BaseBuilder->insert(Array)
#5 C:\xampp-2\htdocs\market\app\Controllers\theme.php(483): App\Models\Comman_model->insert_entry('orders', Array)
#6 C:\xampp-2\htdocs\market\system\CodeIgniter.php(942): App\Controllers\theme->add_order()
#7 C:\xampp-2\htdocs\market\system\CodeIgniter.php(502): CodeIgniter\CodeIgniter->runController(Object(App\Controllers\theme))
#8 C:\xampp-2\htdocs\market\system\CodeIgniter.php(361): CodeIgniter\CodeIgniter->handleRequest(NULL, Object(Config\Cache), false)
#9 C:\xampp-2\htdocs\market\public\index.php(79): CodeIgniter\CodeIgniter->run()
#10 {main}
CRITICAL - 2024-06-14 23:03:23 --> Column 'user_id' cannot be null
in SYSTEMPATH\Database\BaseConnection.php on line 647.
 1 SYSTEMPATH\Database\BaseBuilder.php(2308): CodeIgniter\Database\BaseConnection->query('INSERT INTO `orders` (`id`, `user_id`, `location`, `accept`, `shop_finish`, `note`, `pos`) VALUES (:id:, :user_id:, :location:, :accept:, :shop_finish:, :note:, :pos:)', [...], false)
 2 APPPATH\Models\Comman_model.php(40): CodeIgniter\Database\BaseBuilder->insert([...])
 3 APPPATH\Controllers\theme.php(483): App\Models\Comman_model->insert_entry('orders', [...])
 4 SYSTEMPATH\CodeIgniter.php(942): App\Controllers\theme->add_order()
 5 SYSTEMPATH\CodeIgniter.php(502): CodeIgniter\CodeIgniter->runController(Object(App\Controllers\theme))
 6 SYSTEMPATH\CodeIgniter.php(361): CodeIgniter\CodeIgniter->handleRequest(null, Object(Config\Cache), false)
 7 FCPATH\index.php(79): CodeIgniter\CodeIgniter->run()
ERROR - 2024-06-14 23:03:41 --> mysqli_sql_exception: Column 'user_id' cannot be null in C:\xampp-2\htdocs\market\system\Database\MySQLi\Connection.php:306
Stack trace:
#0 C:\xampp-2\htdocs\market\system\Database\MySQLi\Connection.php(306): mysqli->query('INSERT INTO `or...', 0)
#1 C:\xampp-2\htdocs\market\system\Database\BaseConnection.php(693): CodeIgniter\Database\MySQLi\Connection->execute('INSERT INTO `or...')
#2 C:\xampp-2\htdocs\market\system\Database\BaseConnection.php(607): CodeIgniter\Database\BaseConnection->simpleQuery('INSERT INTO `or...')
#3 C:\xampp-2\htdocs\market\system\Database\BaseBuilder.php(2308): CodeIgniter\Database\BaseConnection->query('INSERT INTO `or...', Array, false)
#4 C:\xampp-2\htdocs\market\app\Models\Comman_model.php(40): CodeIgniter\Database\BaseBuilder->insert(Array)
#5 C:\xampp-2\htdocs\market\app\Controllers\theme.php(483): App\Models\Comman_model->insert_entry('orders', Array)
#6 C:\xampp-2\htdocs\market\system\CodeIgniter.php(942): App\Controllers\theme->add_order()
#7 C:\xampp-2\htdocs\market\system\CodeIgniter.php(502): CodeIgniter\CodeIgniter->runController(Object(App\Controllers\theme))
#8 C:\xampp-2\htdocs\market\system\CodeIgniter.php(361): CodeIgniter\CodeIgniter->handleRequest(NULL, Object(Config\Cache), false)
#9 C:\xampp-2\htdocs\market\public\index.php(79): CodeIgniter\CodeIgniter->run()
#10 {main}
CRITICAL - 2024-06-14 23:03:41 --> Column 'user_id' cannot be null
in SYSTEMPATH\Database\BaseConnection.php on line 647.
 1 SYSTEMPATH\Database\BaseBuilder.php(2308): CodeIgniter\Database\BaseConnection->query('INSERT INTO `orders` (`id`, `user_id`, `location`, `accept`, `shop_finish`, `note`, `pos`) VALUES (:id:, :user_id:, :location:, :accept:, :shop_finish:, :note:, :pos:)', [...], false)
 2 APPPATH\Models\Comman_model.php(40): CodeIgniter\Database\BaseBuilder->insert([...])
 3 APPPATH\Controllers\theme.php(483): App\Models\Comman_model->insert_entry('orders', [...])
 4 SYSTEMPATH\CodeIgniter.php(942): App\Controllers\theme->add_order()
 5 SYSTEMPATH\CodeIgniter.php(502): CodeIgniter\CodeIgniter->runController(Object(App\Controllers\theme))
 6 SYSTEMPATH\CodeIgniter.php(361): CodeIgniter\CodeIgniter->handleRequest(null, Object(Config\Cache), false)
 7 FCPATH\index.php(79): CodeIgniter\CodeIgniter->run()
CRITICAL - 2024-06-14 23:05:14 --> Undefined variable $date
in APPPATH\Views\theme\cart.php on line 298.
 1 APPPATH\Views\theme\cart.php(298): CodeIgniter\Debug\Exceptions->errorHandler(2, 'Undefined variable $date', 'C:\\xampp-2\\htdocs\\market\\app\\Views\\theme\\cart.php', 298)
 2 SYSTEMPATH\View\View.php(228): include('C:\\xampp-2\\htdocs\\market\\app\\Views\\theme\\cart.php')
 3 SYSTEMPATH\View\View.php(231): CodeIgniter\View\View->CodeIgniter\View\{closure}()
 4 SYSTEMPATH\Common.php(1190): CodeIgniter\View\View->render('theme/cart', [], true)
 5 APPPATH\Controllers\theme.php(677): view('theme/cart', [...])
 6 SYSTEMPATH\CodeIgniter.php(942): App\Controllers\theme->cart()
 7 SYSTEMPATH\CodeIgniter.php(502): CodeIgniter\CodeIgniter->runController(Object(App\Controllers\theme))
 8 SYSTEMPATH\CodeIgniter.php(361): CodeIgniter\CodeIgniter->handleRequest(null, Object(Config\Cache), false)
 9 FCPATH\index.php(79): CodeIgniter\CodeIgniter->run()
CRITICAL - 2024-06-14 23:05:37 --> Undefined variable $date
in APPPATH\Views\theme\cart.php on line 298.
 1 APPPATH\Views\theme\cart.php(298): CodeIgniter\Debug\Exceptions->errorHandler(2, 'Undefined variable $date', 'C:\\xampp-2\\htdocs\\market\\app\\Views\\theme\\cart.php', 298)
 2 SYSTEMPATH\View\View.php(228): include('C:\\xampp-2\\htdocs\\market\\app\\Views\\theme\\cart.php')
 3 SYSTEMPATH\View\View.php(231): CodeIgniter\View\View->CodeIgniter\View\{closure}()
 4 SYSTEMPATH\Common.php(1190): CodeIgniter\View\View->render('theme/cart', [], true)
 5 APPPATH\Controllers\theme.php(677): view('theme/cart', [...])
 6 SYSTEMPATH\CodeIgniter.php(942): App\Controllers\theme->cart()
 7 SYSTEMPATH\CodeIgniter.php(502): CodeIgniter\CodeIgniter->runController(Object(App\Controllers\theme))
 8 SYSTEMPATH\CodeIgniter.php(361): CodeIgniter\CodeIgniter->handleRequest(null, Object(Config\Cache), false)
 9 FCPATH\index.php(79): CodeIgniter\CodeIgniter->run()
