CRITICAL - 2024-06-08 19:12:14 --> file_get_contents(src/Includes.html): Failed to open stream: No such file or directory
in APPPATH\Controllers\Home.php on line 60.
 1 [internal function]: CodeIgniter\Debug\Exceptions->errorHandler(2, 'file_get_contents(src/Includes.html): Failed to open stream: No such file or directory', 'C:\\xampp-2\\htdocs\\market\\app\\Controllers\\Home.php', 60)
 2 APPPATH\Controllers\Home.php(60): file_get_contents('src/Includes.html')
 3 SYSTEMPATH\CodeIgniter.php(942): App\Controllers\Home->page('Includes', 'fetch_posts_undefined')
 4 SYSTEMPATH\CodeIgniter.php(502): CodeIgniter\CodeIgniter->runController(Object(App\Controllers\Home))
 5 SYSTEMPATH\CodeIgniter.php(361): CodeIgniter\CodeIgniter->handleRequest(null, Object(Config\Cache), false)
 6 FCPATH\index.php(79): CodeIgniter\CodeIgniter->run()
CRITICAL - 2024-06-08 19:12:14 --> file_get_contents(src/images.html): Failed to open stream: No such file or directory
in APPPATH\Controllers\Home.php on line 60.
 1 [internal function]: CodeIgniter\Debug\Exceptions->errorHandler(2, 'file_get_contents(src/images.html): Failed to open stream: No such file or directory', 'C:\\xampp-2\\htdocs\\market\\app\\Controllers\\Home.php', 60)
 2 APPPATH\Controllers\Home.php(60): file_get_contents('src/images.html')
 3 SYSTEMPATH\CodeIgniter.php(942): App\Controllers\Home->page('images', 'background-img.png')
 4 SYSTEMPATH\CodeIgniter.php(502): CodeIgniter\CodeIgniter->runController(Object(App\Controllers\Home))
 5 SYSTEMPATH\CodeIgniter.php(361): CodeIgniter\CodeIgniter->handleRequest(null, Object(Config\Cache), false)
 6 FCPATH\index.php(79): CodeIgniter\CodeIgniter->run()
CRITICAL - 2024-06-08 19:30:35 --> Undefined variable $description
in APPPATH\Views\products\collections.php on line 36.
 1 APPPATH\Views\products\collections.php(36): CodeIgniter\Debug\Exceptions->errorHandler(2, 'Undefined variable $description', 'C:\\xampp-2\\htdocs\\market\\app\\Views\\products\\collections.php', 36)
 2 SYSTEMPATH\View\View.php(228): include('C:\\xampp-2\\htdocs\\market\\app\\Views\\products\\collections.php')
 3 SYSTEMPATH\View\View.php(231): CodeIgniter\View\View->CodeIgniter\View\{closure}()
 4 SYSTEMPATH\Common.php(1190): CodeIgniter\View\View->render('products/collections', [], true)
 5 APPPATH\Controllers\discount.php(30): view('products/collections', [...])
 6 SYSTEMPATH\CodeIgniter.php(942): App\Controllers\discount->index()
 7 SYSTEMPATH\CodeIgniter.php(502): CodeIgniter\CodeIgniter->runController(Object(App\Controllers\discount))
 8 SYSTEMPATH\CodeIgniter.php(361): CodeIgniter\CodeIgniter->handleRequest(null, Object(Config\Cache), false)
 9 FCPATH\index.php(79): CodeIgniter\CodeIgniter->run()
CRITICAL - 2024-06-08 19:31:17 --> Undefined variable $code
in APPPATH\Views\discount\index.php on line 40.
 1 APPPATH\Views\discount\index.php(40): CodeIgniter\Debug\Exceptions->errorHandler(2, 'Undefined variable $code', 'C:\\xampp-2\\htdocs\\market\\app\\Views\\discount\\index.php', 40)
 2 SYSTEMPATH\View\View.php(228): include('C:\\xampp-2\\htdocs\\market\\app\\Views\\discount\\index.php')
 3 SYSTEMPATH\View\View.php(231): CodeIgniter\View\View->CodeIgniter\View\{closure}()
 4 SYSTEMPATH\Common.php(1190): CodeIgniter\View\View->render('discount/index', [], true)
 5 APPPATH\Controllers\discount.php(30): view('discount/index', [...])
 6 SYSTEMPATH\CodeIgniter.php(942): App\Controllers\discount->index()
 7 SYSTEMPATH\CodeIgniter.php(502): CodeIgniter\CodeIgniter->runController(Object(App\Controllers\discount))
 8 SYSTEMPATH\CodeIgniter.php(361): CodeIgniter\CodeIgniter->handleRequest(null, Object(Config\Cache), false)
 9 FCPATH\index.php(79): CodeIgniter\CodeIgniter->run()
