CRITICAL - 2024-06-09 14:42:29 --> Cannot redeclare App\Controllers\discount::index()
in APPPATH\Controllers\discount.php on line 36.
 1 [internal function]: CodeIgniter\Debug\Exceptions->shutdownHandler()
CRITICAL - 2024-06-09 14:42:42 --> Cannot redeclare App\Controllers\discount::index()
in APPPATH\Controllers\discount.php on line 36.
 1 [internal function]: CodeIgniter\Debug\Exceptions->shutdownHandler()
ERROR - 2024-06-09 14:43:29 --> mysqli_sql_exception: You have an error in your SQL syntax; check the manual that corresponds to your MariaDB server version for the right syntax to use near 'order WHERE code=''' at line 1 in C:\xampp-2\htdocs\market\system\Database\MySQLi\Connection.php:306
Stack trace:
#0 C:\xampp-2\htdocs\market\system\Database\MySQLi\Connection.php(306): mysqli->query('SELECT * FROM o...', 0)
#1 C:\xampp-2\htdocs\market\system\Database\BaseConnection.php(693): CodeIgniter\Database\MySQLi\Connection->execute('SELECT * FROM o...')
#2 C:\xampp-2\htdocs\market\system\Database\BaseConnection.php(607): CodeIgniter\Database\BaseConnection->simpleQuery('SELECT * FROM o...')
#3 C:\xampp-2\htdocs\market\app\Models\Comman_model.php(61): CodeIgniter\Database\BaseConnection->query('SELECT * FROM o...')
#4 C:\xampp-2\htdocs\market\app\Controllers\discount.php(30): App\Models\Comman_model->get_all_data_by_query('SELECT * FROM o...')
#5 C:\xampp-2\htdocs\market\system\CodeIgniter.php(942): App\Controllers\discount->promocode()
#6 C:\xampp-2\htdocs\market\system\CodeIgniter.php(502): CodeIgniter\CodeIgniter->runController(Object(App\Controllers\discount))
#7 C:\xampp-2\htdocs\market\system\CodeIgniter.php(361): CodeIgniter\CodeIgniter->handleRequest(NULL, Object(Config\Cache), false)
#8 C:\xampp-2\htdocs\market\public\index.php(79): CodeIgniter\CodeIgniter->run()
#9 {main}
CRITICAL - 2024-06-09 14:43:29 --> You have an error in your SQL syntax; check the manual that corresponds to your MariaDB server version for the right syntax to use near 'order WHERE code=''' at line 1
in SYSTEMPATH\Database\BaseConnection.php on line 647.
 1 APPPATH\Models\Comman_model.php(61): CodeIgniter\Database\BaseConnection->query('SELECT * FROM order WHERE code=\'\'')
 2 APPPATH\Controllers\discount.php(30): App\Models\Comman_model->get_all_data_by_query('SELECT * FROM order WHERE code=\'\'')
 3 SYSTEMPATH\CodeIgniter.php(942): App\Controllers\discount->promocode()
 4 SYSTEMPATH\CodeIgniter.php(502): CodeIgniter\CodeIgniter->runController(Object(App\Controllers\discount))
 5 SYSTEMPATH\CodeIgniter.php(361): CodeIgniter\CodeIgniter->handleRequest(null, Object(Config\Cache), false)
 6 FCPATH\index.php(79): CodeIgniter\CodeIgniter->run()
ERROR - 2024-06-09 14:44:16 --> mysqli_sql_exception: You have an error in your SQL syntax; check the manual that corresponds to your MariaDB server version for the right syntax to use near 'order WHERE code=''' at line 1 in C:\xampp-2\htdocs\market\system\Database\MySQLi\Connection.php:306
Stack trace:
#0 C:\xampp-2\htdocs\market\system\Database\MySQLi\Connection.php(306): mysqli->query('SELECT * FROM o...', 0)
#1 C:\xampp-2\htdocs\market\system\Database\BaseConnection.php(693): CodeIgniter\Database\MySQLi\Connection->execute('SELECT * FROM o...')
#2 C:\xampp-2\htdocs\market\system\Database\BaseConnection.php(607): CodeIgniter\Database\BaseConnection->simpleQuery('SELECT * FROM o...')
#3 C:\xampp-2\htdocs\market\app\Models\Comman_model.php(61): CodeIgniter\Database\BaseConnection->query('SELECT * FROM o...')
#4 C:\xampp-2\htdocs\market\app\Controllers\discount.php(30): App\Models\Comman_model->get_all_data_by_query('SELECT * FROM o...')
#5 C:\xampp-2\htdocs\market\system\CodeIgniter.php(942): App\Controllers\discount->promocode()
#6 C:\xampp-2\htdocs\market\system\CodeIgniter.php(502): CodeIgniter\CodeIgniter->runController(Object(App\Controllers\discount))
#7 C:\xampp-2\htdocs\market\system\CodeIgniter.php(361): CodeIgniter\CodeIgniter->handleRequest(NULL, Object(Config\Cache), false)
#8 C:\xampp-2\htdocs\market\public\index.php(79): CodeIgniter\CodeIgniter->run()
#9 {main}
CRITICAL - 2024-06-09 14:44:16 --> You have an error in your SQL syntax; check the manual that corresponds to your MariaDB server version for the right syntax to use near 'order WHERE code=''' at line 1
in SYSTEMPATH\Database\BaseConnection.php on line 647.
 1 APPPATH\Models\Comman_model.php(61): CodeIgniter\Database\BaseConnection->query('SELECT * FROM order WHERE code=\'\'')
 2 APPPATH\Controllers\discount.php(30): App\Models\Comman_model->get_all_data_by_query('SELECT * FROM order WHERE code=\'\'')
 3 SYSTEMPATH\CodeIgniter.php(942): App\Controllers\discount->promocode()
 4 SYSTEMPATH\CodeIgniter.php(502): CodeIgniter\CodeIgniter->runController(Object(App\Controllers\discount))
 5 SYSTEMPATH\CodeIgniter.php(361): CodeIgniter\CodeIgniter->handleRequest(null, Object(Config\Cache), false)
 6 FCPATH\index.php(79): CodeIgniter\CodeIgniter->run()
CRITICAL - 2024-06-09 15:33:18 --> Undefined variable $disid
in APPPATH\Views\discount\index.php on line 33.
 1 APPPATH\Views\discount\index.php(33): CodeIgniter\Debug\Exceptions->errorHandler(2, 'Undefined variable $disid', 'C:\\xampp-2\\htdocs\\market\\app\\Views\\discount\\index.php', 33)
 2 SYSTEMPATH\View\View.php(228): include('C:\\xampp-2\\htdocs\\market\\app\\Views\\discount\\index.php')
 3 SYSTEMPATH\View\View.php(231): CodeIgniter\View\View->CodeIgniter\View\{closure}()
 4 SYSTEMPATH\Common.php(1190): CodeIgniter\View\View->render('discount/index', [], true)
 5 APPPATH\Controllers\discount.php(65): view('discount/index', [...])
 6 SYSTEMPATH\CodeIgniter.php(942): App\Controllers\discount->index()
 7 SYSTEMPATH\CodeIgniter.php(502): CodeIgniter\CodeIgniter->runController(Object(App\Controllers\discount))
 8 SYSTEMPATH\CodeIgniter.php(361): CodeIgniter\CodeIgniter->handleRequest(null, Object(Config\Cache), false)
 9 FCPATH\index.php(79): CodeIgniter\CodeIgniter->run()
CRITICAL - 2024-06-09 15:33:42 --> Undefined variable $discount_id
in APPPATH\Views\discount\index.php on line 33.
 1 APPPATH\Views\discount\index.php(33): CodeIgniter\Debug\Exceptions->errorHandler(2, 'Undefined variable $discount_id', 'C:\\xampp-2\\htdocs\\market\\app\\Views\\discount\\index.php', 33)
 2 SYSTEMPATH\View\View.php(228): include('C:\\xampp-2\\htdocs\\market\\app\\Views\\discount\\index.php')
 3 SYSTEMPATH\View\View.php(231): CodeIgniter\View\View->CodeIgniter\View\{closure}()
 4 SYSTEMPATH\Common.php(1190): CodeIgniter\View\View->render('discount/index', [], true)
 5 APPPATH\Controllers\discount.php(65): view('discount/index', [...])
 6 SYSTEMPATH\CodeIgniter.php(942): App\Controllers\discount->index()
 7 SYSTEMPATH\CodeIgniter.php(502): CodeIgniter\CodeIgniter->runController(Object(App\Controllers\discount))
 8 SYSTEMPATH\CodeIgniter.php(361): CodeIgniter\CodeIgniter->handleRequest(null, Object(Config\Cache), false)
 9 FCPATH\index.php(79): CodeIgniter\CodeIgniter->run()
CRITICAL - 2024-06-09 15:34:03 --> Undefined variable $minimum_purchase
in APPPATH\Views\discount\index.php on line 74.
 1 APPPATH\Views\discount\index.php(74): CodeIgniter\Debug\Exceptions->errorHandler(2, 'Undefined variable $minimum_purchase', 'C:\\xampp-2\\htdocs\\market\\app\\Views\\discount\\index.php', 74)
 2 SYSTEMPATH\View\View.php(228): include('C:\\xampp-2\\htdocs\\market\\app\\Views\\discount\\index.php')
 3 SYSTEMPATH\View\View.php(231): CodeIgniter\View\View->CodeIgniter\View\{closure}()
 4 SYSTEMPATH\Common.php(1190): CodeIgniter\View\View->render('discount/index', [], true)
 5 APPPATH\Controllers\discount.php(66): view('discount/index', [...])
 6 SYSTEMPATH\CodeIgniter.php(942): App\Controllers\discount->index()
 7 SYSTEMPATH\CodeIgniter.php(502): CodeIgniter\CodeIgniter->runController(Object(App\Controllers\discount))
 8 SYSTEMPATH\CodeIgniter.php(361): CodeIgniter\CodeIgniter->handleRequest(null, Object(Config\Cache), false)
 9 FCPATH\index.php(79): CodeIgniter\CodeIgniter->run()
CRITICAL - 2024-06-09 17:41:31 --> Undefined variable $x
in APPPATH\Views\discount\index.php on line 38.
 1 APPPATH\Views\discount\index.php(38): CodeIgniter\Debug\Exceptions->errorHandler(2, 'Undefined variable $x', 'C:\\xampp-2\\htdocs\\market\\app\\Views\\discount\\index.php', 38)
 2 SYSTEMPATH\View\View.php(228): include('C:\\xampp-2\\htdocs\\market\\app\\Views\\discount\\index.php')
 3 SYSTEMPATH\View\View.php(231): CodeIgniter\View\View->CodeIgniter\View\{closure}()
 4 SYSTEMPATH\Common.php(1190): CodeIgniter\View\View->render('discount/index', [], true)
 5 APPPATH\Controllers\discount.php(70): view('discount/index', [...])
 6 SYSTEMPATH\CodeIgniter.php(942): App\Controllers\discount->index()
 7 SYSTEMPATH\CodeIgniter.php(502): CodeIgniter\CodeIgniter->runController(Object(App\Controllers\discount))
 8 SYSTEMPATH\CodeIgniter.php(361): CodeIgniter\CodeIgniter->handleRequest(null, Object(Config\Cache), false)
 9 FCPATH\index.php(79): CodeIgniter\CodeIgniter->run()
CRITICAL - 2024-06-09 17:41:49 --> Undefined variable $x
in APPPATH\Views\discount\index.php on line 38.
 1 APPPATH\Views\discount\index.php(38): CodeIgniter\Debug\Exceptions->errorHandler(2, 'Undefined variable $x', 'C:\\xampp-2\\htdocs\\market\\app\\Views\\discount\\index.php', 38)
 2 SYSTEMPATH\View\View.php(228): include('C:\\xampp-2\\htdocs\\market\\app\\Views\\discount\\index.php')
 3 SYSTEMPATH\View\View.php(231): CodeIgniter\View\View->CodeIgniter\View\{closure}()
 4 SYSTEMPATH\Common.php(1190): CodeIgniter\View\View->render('discount/index', [], true)
 5 APPPATH\Controllers\discount.php(72): view('discount/index', [...])
 6 SYSTEMPATH\CodeIgniter.php(942): App\Controllers\discount->index()
 7 SYSTEMPATH\CodeIgniter.php(502): CodeIgniter\CodeIgniter->runController(Object(App\Controllers\discount))
 8 SYSTEMPATH\CodeIgniter.php(361): CodeIgniter\CodeIgniter->handleRequest(null, Object(Config\Cache), false)
 9 FCPATH\index.php(79): CodeIgniter\CodeIgniter->run()
CRITICAL - 2024-06-09 17:51:20 --> syntax error, unexpected token "if"
in APPPATH\Views\discount\index.php on line 138.
 1 SYSTEMPATH\View\View.php(231): CodeIgniter\View\View->CodeIgniter\View\{closure}()
 2 SYSTEMPATH\Common.php(1190): CodeIgniter\View\View->render('discount/index', [], true)
 3 APPPATH\Controllers\discount.php(74): view('discount/index', [...])
 4 SYSTEMPATH\CodeIgniter.php(942): App\Controllers\discount->index()
 5 SYSTEMPATH\CodeIgniter.php(502): CodeIgniter\CodeIgniter->runController(Object(App\Controllers\discount))
 6 SYSTEMPATH\CodeIgniter.php(361): CodeIgniter\CodeIgniter->handleRequest(null, Object(Config\Cache), false)
 7 FCPATH\index.php(79): CodeIgniter\CodeIgniter->run()
CRITICAL - 2024-06-09 17:59:22 --> syntax error, unexpected variable "$uisql"
in APPPATH\Controllers\discount.php on line 86.
 1 SYSTEMPATH\Router\Router.php(514): CodeIgniter\Router\AutoRouter->getRoute('discount', 'get')
 2 SYSTEMPATH\Router\Router.php(210): CodeIgniter\Router\Router->autoRoute('discount')
 3 SYSTEMPATH\CodeIgniter.php(823): CodeIgniter\Router\Router->handle('discount')
 4 SYSTEMPATH\CodeIgniter.php(450): CodeIgniter\CodeIgniter->tryToRouteIt(Object(CodeIgniter\Router\RouteCollection))
 5 SYSTEMPATH\CodeIgniter.php(361): CodeIgniter\CodeIgniter->handleRequest(null, Object(Config\Cache), false)
 6 FCPATH\index.php(79): CodeIgniter\CodeIgniter->run()
CRITICAL - 2024-06-09 18:11:43 --> Undefined variable $z
in APPPATH\Views\discount\index.php on line 46.
 1 APPPATH\Views\discount\index.php(46): CodeIgniter\Debug\Exceptions->errorHandler(2, 'Undefined variable $z', 'C:\\xampp-2\\htdocs\\market\\app\\Views\\discount\\index.php', 46)
 2 SYSTEMPATH\View\View.php(228): include('C:\\xampp-2\\htdocs\\market\\app\\Views\\discount\\index.php')
 3 SYSTEMPATH\View\View.php(231): CodeIgniter\View\View->CodeIgniter\View\{closure}()
 4 SYSTEMPATH\Common.php(1190): CodeIgniter\View\View->render('discount/index', [], true)
 5 APPPATH\Controllers\discount.php(75): view('discount/index', [...])
 6 SYSTEMPATH\CodeIgniter.php(942): App\Controllers\discount->index()
 7 SYSTEMPATH\CodeIgniter.php(502): CodeIgniter\CodeIgniter->runController(Object(App\Controllers\discount))
 8 SYSTEMPATH\CodeIgniter.php(361): CodeIgniter\CodeIgniter->handleRequest(null, Object(Config\Cache), false)
 9 FCPATH\index.php(79): CodeIgniter\CodeIgniter->run()
CRITICAL - 2024-06-09 18:13:19 --> Undefined array key "user_id"
in APPPATH\Controllers\discount.php on line 91.
 1 APPPATH\Controllers\discount.php(91): CodeIgniter\Debug\Exceptions->errorHandler(2, 'Undefined array key "user_id"', 'C:\\xampp-2\\htdocs\\market\\app\\Controllers\\discount.php', 91)
 2 SYSTEMPATH\CodeIgniter.php(942): App\Controllers\discount->add_discount()
 3 SYSTEMPATH\CodeIgniter.php(502): CodeIgniter\CodeIgniter->runController(Object(App\Controllers\discount))
 4 SYSTEMPATH\CodeIgniter.php(361): CodeIgniter\CodeIgniter->handleRequest(null, Object(Config\Cache), false)
 5 FCPATH\index.php(79): CodeIgniter\CodeIgniter->run()
CRITICAL - 2024-06-09 18:13:36 --> Undefined array key "user_id"
in APPPATH\Controllers\discount.php on line 91.
 1 APPPATH\Controllers\discount.php(91): CodeIgniter\Debug\Exceptions->errorHandler(2, 'Undefined array key "user_id"', 'C:\\xampp-2\\htdocs\\market\\app\\Controllers\\discount.php', 91)
 2 SYSTEMPATH\CodeIgniter.php(942): App\Controllers\discount->add_discount()
 3 SYSTEMPATH\CodeIgniter.php(502): CodeIgniter\CodeIgniter->runController(Object(App\Controllers\discount))
 4 SYSTEMPATH\CodeIgniter.php(361): CodeIgniter\CodeIgniter->handleRequest(null, Object(Config\Cache), false)
 5 FCPATH\index.php(79): CodeIgniter\CodeIgniter->run()
CRITICAL - 2024-06-09 18:17:19 --> Undefined variable $frome_date
in APPPATH\Controllers\discount.php on line 117.
 1 APPPATH\Controllers\discount.php(117): CodeIgniter\Debug\Exceptions->errorHandler(2, 'Undefined variable $frome_date', 'C:\\xampp-2\\htdocs\\market\\app\\Controllers\\discount.php', 117)
 2 SYSTEMPATH\CodeIgniter.php(942): App\Controllers\discount->add_discount()
 3 SYSTEMPATH\CodeIgniter.php(502): CodeIgniter\CodeIgniter->runController(Object(App\Controllers\discount))
 4 SYSTEMPATH\CodeIgniter.php(361): CodeIgniter\CodeIgniter->handleRequest(null, Object(Config\Cache), false)
 5 FCPATH\index.php(79): CodeIgniter\CodeIgniter->run()
CRITICAL - 2024-06-09 18:17:35 --> Undefined variable $frome_date
in APPPATH\Controllers\discount.php on line 117.
 1 APPPATH\Controllers\discount.php(117): CodeIgniter\Debug\Exceptions->errorHandler(2, 'Undefined variable $frome_date', 'C:\\xampp-2\\htdocs\\market\\app\\Controllers\\discount.php', 117)
 2 SYSTEMPATH\CodeIgniter.php(942): App\Controllers\discount->add_discount()
 3 SYSTEMPATH\CodeIgniter.php(502): CodeIgniter\CodeIgniter->runController(Object(App\Controllers\discount))
 4 SYSTEMPATH\CodeIgniter.php(361): CodeIgniter\CodeIgniter->handleRequest(null, Object(Config\Cache), false)
 5 FCPATH\index.php(79): CodeIgniter\CodeIgniter->run()
ERROR - 2024-06-09 18:17:46 --> mysqli_sql_exception: You have an error in your SQL syntax; check the manual that corresponds to your MariaDB server version for the right syntax to use near 'from, to, code,limit,minimum_purchase,x,y,z)
		VALUES
		(746803408127636, , ,...' at line 2 in C:\xampp-2\htdocs\market\system\Database\MySQLi\Connection.php:306
Stack trace:
#0 C:\xampp-2\htdocs\market\system\Database\MySQLi\Connection.php(306): mysqli->query('INSERT INTO dis...', 0)
#1 C:\xampp-2\htdocs\market\system\Database\BaseConnection.php(693): CodeIgniter\Database\MySQLi\Connection->execute('INSERT INTO dis...')
#2 C:\xampp-2\htdocs\market\system\Database\BaseConnection.php(607): CodeIgniter\Database\BaseConnection->simpleQuery('INSERT INTO dis...')
#3 C:\xampp-2\htdocs\market\app\Models\Comman_model.php(73): CodeIgniter\Database\BaseConnection->query('INSERT INTO dis...')
#4 C:\xampp-2\htdocs\market\app\Controllers\discount.php(119): App\Models\Comman_model->run_query('INSERT INTO dis...')
#5 C:\xampp-2\htdocs\market\system\CodeIgniter.php(942): App\Controllers\discount->add_discount()
#6 C:\xampp-2\htdocs\market\system\CodeIgniter.php(502): CodeIgniter\CodeIgniter->runController(Object(App\Controllers\discount))
#7 C:\xampp-2\htdocs\market\system\CodeIgniter.php(361): CodeIgniter\CodeIgniter->handleRequest(NULL, Object(Config\Cache), false)
#8 C:\xampp-2\htdocs\market\public\index.php(79): CodeIgniter\CodeIgniter->run()
#9 {main}
CRITICAL - 2024-06-09 18:17:46 --> You have an error in your SQL syntax; check the manual that corresponds to your MariaDB server version for the right syntax to use near 'from, to, code,limit,minimum_purchase,x,y,z)
		VALUES
		(746803408127636, , ,...' at line 2
in SYSTEMPATH\Database\BaseConnection.php on line 647.
 1 APPPATH\Models\Comman_model.php(73): CodeIgniter\Database\BaseConnection->query('INSERT INTO discount
		(user_id, type, deal, from, to, code,limit,minimum_purchase,x,y,z)
		VALUES
		(746803408127636, , , , , , , ,,,)
		')
 2 APPPATH\Controllers\discount.php(119): App\Models\Comman_model->run_query('INSERT INTO discount
		(user_id, type, deal, from, to, code,limit,minimum_purchase,x,y,z)
		VALUES
		(746803408127636, , , , , , , ,,,)
		')
 3 SYSTEMPATH\CodeIgniter.php(942): App\Controllers\discount->add_discount()
 4 SYSTEMPATH\CodeIgniter.php(502): CodeIgniter\CodeIgniter->runController(Object(App\Controllers\discount))
 5 SYSTEMPATH\CodeIgniter.php(361): CodeIgniter\CodeIgniter->handleRequest(null, Object(Config\Cache), false)
 6 FCPATH\index.php(79): CodeIgniter\CodeIgniter->run()
ERROR - 2024-06-09 18:18:43 --> mysqli_sql_exception: You have an error in your SQL syntax; check the manual that corresponds to your MariaDB server version for the right syntax to use near 'limit,minimum_purchase,x,y,z)
		VALUES
		(746803408127636, , , , , ,,,)' at line 2 in C:\xampp-2\htdocs\market\system\Database\MySQLi\Connection.php:306
Stack trace:
#0 C:\xampp-2\htdocs\market\system\Database\MySQLi\Connection.php(306): mysqli->query('INSERT INTO dis...', 0)
#1 C:\xampp-2\htdocs\market\system\Database\BaseConnection.php(693): CodeIgniter\Database\MySQLi\Connection->execute('INSERT INTO dis...')
#2 C:\xampp-2\htdocs\market\system\Database\BaseConnection.php(607): CodeIgniter\Database\BaseConnection->simpleQuery('INSERT INTO dis...')
#3 C:\xampp-2\htdocs\market\app\Models\Comman_model.php(73): CodeIgniter\Database\BaseConnection->query('INSERT INTO dis...')
#4 C:\xampp-2\htdocs\market\app\Controllers\discount.php(119): App\Models\Comman_model->run_query('INSERT INTO dis...')
#5 C:\xampp-2\htdocs\market\system\CodeIgniter.php(942): App\Controllers\discount->add_discount()
#6 C:\xampp-2\htdocs\market\system\CodeIgniter.php(502): CodeIgniter\CodeIgniter->runController(Object(App\Controllers\discount))
#7 C:\xampp-2\htdocs\market\system\CodeIgniter.php(361): CodeIgniter\CodeIgniter->handleRequest(NULL, Object(Config\Cache), false)
#8 C:\xampp-2\htdocs\market\public\index.php(79): CodeIgniter\CodeIgniter->run()
#9 {main}
CRITICAL - 2024-06-09 18:18:43 --> You have an error in your SQL syntax; check the manual that corresponds to your MariaDB server version for the right syntax to use near 'limit,minimum_purchase,x,y,z)
		VALUES
		(746803408127636, , , , , ,,,)' at line 2
in SYSTEMPATH\Database\BaseConnection.php on line 647.
 1 APPPATH\Models\Comman_model.php(73): CodeIgniter\Database\BaseConnection->query('INSERT INTO discount
		(user_id, type, deal,  code,limit,minimum_purchase,x,y,z)
		VALUES
		(746803408127636, , , , , ,,,)
		')
 2 APPPATH\Controllers\discount.php(119): App\Models\Comman_model->run_query('INSERT INTO discount
		(user_id, type, deal,  code,limit,minimum_purchase,x,y,z)
		VALUES
		(746803408127636, , , , , ,,,)
		')
 3 SYSTEMPATH\CodeIgniter.php(942): App\Controllers\discount->add_discount()
 4 SYSTEMPATH\CodeIgniter.php(502): CodeIgniter\CodeIgniter->runController(Object(App\Controllers\discount))
 5 SYSTEMPATH\CodeIgniter.php(361): CodeIgniter\CodeIgniter->handleRequest(null, Object(Config\Cache), false)
 6 FCPATH\index.php(79): CodeIgniter\CodeIgniter->run()
ERROR - 2024-06-09 18:18:55 --> mysqli_sql_exception: You have an error in your SQL syntax; check the manual that corresponds to your MariaDB server version for the right syntax to use near ' , , ,,,)' at line 4 in C:\xampp-2\htdocs\market\system\Database\MySQLi\Connection.php:306
Stack trace:
#0 C:\xampp-2\htdocs\market\system\Database\MySQLi\Connection.php(306): mysqli->query('INSERT INTO dis...', 0)
#1 C:\xampp-2\htdocs\market\system\Database\BaseConnection.php(693): CodeIgniter\Database\MySQLi\Connection->execute('INSERT INTO dis...')
#2 C:\xampp-2\htdocs\market\system\Database\BaseConnection.php(607): CodeIgniter\Database\BaseConnection->simpleQuery('INSERT INTO dis...')
#3 C:\xampp-2\htdocs\market\app\Models\Comman_model.php(73): CodeIgniter\Database\BaseConnection->query('INSERT INTO dis...')
#4 C:\xampp-2\htdocs\market\app\Controllers\discount.php(119): App\Models\Comman_model->run_query('INSERT INTO dis...')
#5 C:\xampp-2\htdocs\market\system\CodeIgniter.php(942): App\Controllers\discount->add_discount()
#6 C:\xampp-2\htdocs\market\system\CodeIgniter.php(502): CodeIgniter\CodeIgniter->runController(Object(App\Controllers\discount))
#7 C:\xampp-2\htdocs\market\system\CodeIgniter.php(361): CodeIgniter\CodeIgniter->handleRequest(NULL, Object(Config\Cache), false)
#8 C:\xampp-2\htdocs\market\public\index.php(79): CodeIgniter\CodeIgniter->run()
#9 {main}
CRITICAL - 2024-06-09 18:18:55 --> You have an error in your SQL syntax; check the manual that corresponds to your MariaDB server version for the right syntax to use near ' , , ,,,)' at line 4
in SYSTEMPATH\Database\BaseConnection.php on line 647.
 1 APPPATH\Models\Comman_model.php(73): CodeIgniter\Database\BaseConnection->query('INSERT INTO discount
		(user_id, type, deal,  code,minimum_purchase,x,y,z)
		VALUES
		(746803408127636, , , , ,,,)
		')
 2 APPPATH\Controllers\discount.php(119): App\Models\Comman_model->run_query('INSERT INTO discount
		(user_id, type, deal,  code,minimum_purchase,x,y,z)
		VALUES
		(746803408127636, , , , ,,,)
		')
 3 SYSTEMPATH\CodeIgniter.php(942): App\Controllers\discount->add_discount()
 4 SYSTEMPATH\CodeIgniter.php(502): CodeIgniter\CodeIgniter->runController(Object(App\Controllers\discount))
 5 SYSTEMPATH\CodeIgniter.php(361): CodeIgniter\CodeIgniter->handleRequest(null, Object(Config\Cache), false)
 6 FCPATH\index.php(79): CodeIgniter\CodeIgniter->run()
ERROR - 2024-06-09 18:20:10 --> mysqli_sql_exception: You have an error in your SQL syntax; check the manual that corresponds to your MariaDB server version for the right syntax to use near 'from, to, code,limit,minimum_purchase,x,y,z)
		VALUES
		(746803408127636, , ,...' at line 2 in C:\xampp-2\htdocs\market\system\Database\MySQLi\Connection.php:306
Stack trace:
#0 C:\xampp-2\htdocs\market\system\Database\MySQLi\Connection.php(306): mysqli->query('INSERT INTO dis...', 0)
#1 C:\xampp-2\htdocs\market\system\Database\BaseConnection.php(693): CodeIgniter\Database\MySQLi\Connection->execute('INSERT INTO dis...')
#2 C:\xampp-2\htdocs\market\system\Database\BaseConnection.php(607): CodeIgniter\Database\BaseConnection->simpleQuery('INSERT INTO dis...')
#3 C:\xampp-2\htdocs\market\app\Models\Comman_model.php(73): CodeIgniter\Database\BaseConnection->query('INSERT INTO dis...')
#4 C:\xampp-2\htdocs\market\app\Controllers\discount.php(119): App\Models\Comman_model->run_query('INSERT INTO dis...')
#5 C:\xampp-2\htdocs\market\system\CodeIgniter.php(942): App\Controllers\discount->add_discount()
#6 C:\xampp-2\htdocs\market\system\CodeIgniter.php(502): CodeIgniter\CodeIgniter->runController(Object(App\Controllers\discount))
#7 C:\xampp-2\htdocs\market\system\CodeIgniter.php(361): CodeIgniter\CodeIgniter->handleRequest(NULL, Object(Config\Cache), false)
#8 C:\xampp-2\htdocs\market\public\index.php(79): CodeIgniter\CodeIgniter->run()
#9 {main}
CRITICAL - 2024-06-09 18:20:10 --> You have an error in your SQL syntax; check the manual that corresponds to your MariaDB server version for the right syntax to use near 'from, to, code,limit,minimum_purchase,x,y,z)
		VALUES
		(746803408127636, , ,...' at line 2
in SYSTEMPATH\Database\BaseConnection.php on line 647.
 1 APPPATH\Models\Comman_model.php(73): CodeIgniter\Database\BaseConnection->query('INSERT INTO discount
		(user_id, type, from, to, code,limit,minimum_purchase,x,y,z)
		VALUES
		(746803408127636, , , , , , ,,,)
		')
 2 APPPATH\Controllers\discount.php(119): App\Models\Comman_model->run_query('INSERT INTO discount
		(user_id, type, from, to, code,limit,minimum_purchase,x,y,z)
		VALUES
		(746803408127636, , , , , , ,,,)
		')
 3 SYSTEMPATH\CodeIgniter.php(942): App\Controllers\discount->add_discount()
 4 SYSTEMPATH\CodeIgniter.php(502): CodeIgniter\CodeIgniter->runController(Object(App\Controllers\discount))
 5 SYSTEMPATH\CodeIgniter.php(361): CodeIgniter\CodeIgniter->handleRequest(null, Object(Config\Cache), false)
 6 FCPATH\index.php(79): CodeIgniter\CodeIgniter->run()
ERROR - 2024-06-09 18:20:33 --> mysqli_sql_exception: You have an error in your SQL syntax; check the manual that corresponds to your MariaDB server version for the right syntax to use near ''from', 'to', code,limit,minimum_purchase,x,y,z)
		VALUES
		(746803408127636,...' at line 2 in C:\xampp-2\htdocs\market\system\Database\MySQLi\Connection.php:306
Stack trace:
#0 C:\xampp-2\htdocs\market\system\Database\MySQLi\Connection.php(306): mysqli->query('INSERT INTO dis...', 0)
#1 C:\xampp-2\htdocs\market\system\Database\BaseConnection.php(693): CodeIgniter\Database\MySQLi\Connection->execute('INSERT INTO dis...')
#2 C:\xampp-2\htdocs\market\system\Database\BaseConnection.php(607): CodeIgniter\Database\BaseConnection->simpleQuery('INSERT INTO dis...')
#3 C:\xampp-2\htdocs\market\app\Models\Comman_model.php(73): CodeIgniter\Database\BaseConnection->query('INSERT INTO dis...')
#4 C:\xampp-2\htdocs\market\app\Controllers\discount.php(119): App\Models\Comman_model->run_query('INSERT INTO dis...')
#5 C:\xampp-2\htdocs\market\system\CodeIgniter.php(942): App\Controllers\discount->add_discount()
#6 C:\xampp-2\htdocs\market\system\CodeIgniter.php(502): CodeIgniter\CodeIgniter->runController(Object(App\Controllers\discount))
#7 C:\xampp-2\htdocs\market\system\CodeIgniter.php(361): CodeIgniter\CodeIgniter->handleRequest(NULL, Object(Config\Cache), false)
#8 C:\xampp-2\htdocs\market\public\index.php(79): CodeIgniter\CodeIgniter->run()
#9 {main}
CRITICAL - 2024-06-09 18:20:33 --> You have an error in your SQL syntax; check the manual that corresponds to your MariaDB server version for the right syntax to use near ''from', 'to', code,limit,minimum_purchase,x,y,z)
		VALUES
		(746803408127636,...' at line 2
in SYSTEMPATH\Database\BaseConnection.php on line 647.
 1 APPPATH\Models\Comman_model.php(73): CodeIgniter\Database\BaseConnection->query('INSERT INTO discount
		(user_id, type, \'from\', \'to\', code,limit,minimum_purchase,x,y,z)
		VALUES
		(746803408127636, , , , , , ,,,)
		')
 2 APPPATH\Controllers\discount.php(119): App\Models\Comman_model->run_query('INSERT INTO discount
		(user_id, type, \'from\', \'to\', code,limit,minimum_purchase,x,y,z)
		VALUES
		(746803408127636, , , , , , ,,,)
		')
 3 SYSTEMPATH\CodeIgniter.php(942): App\Controllers\discount->add_discount()
 4 SYSTEMPATH\CodeIgniter.php(502): CodeIgniter\CodeIgniter->runController(Object(App\Controllers\discount))
 5 SYSTEMPATH\CodeIgniter.php(361): CodeIgniter\CodeIgniter->handleRequest(null, Object(Config\Cache), false)
 6 FCPATH\index.php(79): CodeIgniter\CodeIgniter->run()
ERROR - 2024-06-09 18:20:35 --> mysqli_sql_exception: You have an error in your SQL syntax; check the manual that corresponds to your MariaDB server version for the right syntax to use near ''from', 'to', code,limit,minimum_purchase,x,y,z)
		VALUES
		(746803408127636,...' at line 2 in C:\xampp-2\htdocs\market\system\Database\MySQLi\Connection.php:306
Stack trace:
#0 C:\xampp-2\htdocs\market\system\Database\MySQLi\Connection.php(306): mysqli->query('INSERT INTO dis...', 0)
#1 C:\xampp-2\htdocs\market\system\Database\BaseConnection.php(693): CodeIgniter\Database\MySQLi\Connection->execute('INSERT INTO dis...')
#2 C:\xampp-2\htdocs\market\system\Database\BaseConnection.php(607): CodeIgniter\Database\BaseConnection->simpleQuery('INSERT INTO dis...')
#3 C:\xampp-2\htdocs\market\app\Models\Comman_model.php(73): CodeIgniter\Database\BaseConnection->query('INSERT INTO dis...')
#4 C:\xampp-2\htdocs\market\app\Controllers\discount.php(119): App\Models\Comman_model->run_query('INSERT INTO dis...')
#5 C:\xampp-2\htdocs\market\system\CodeIgniter.php(942): App\Controllers\discount->add_discount()
#6 C:\xampp-2\htdocs\market\system\CodeIgniter.php(502): CodeIgniter\CodeIgniter->runController(Object(App\Controllers\discount))
#7 C:\xampp-2\htdocs\market\system\CodeIgniter.php(361): CodeIgniter\CodeIgniter->handleRequest(NULL, Object(Config\Cache), false)
#8 C:\xampp-2\htdocs\market\public\index.php(79): CodeIgniter\CodeIgniter->run()
#9 {main}
CRITICAL - 2024-06-09 18:20:35 --> You have an error in your SQL syntax; check the manual that corresponds to your MariaDB server version for the right syntax to use near ''from', 'to', code,limit,minimum_purchase,x,y,z)
		VALUES
		(746803408127636,...' at line 2
in SYSTEMPATH\Database\BaseConnection.php on line 647.
 1 APPPATH\Models\Comman_model.php(73): CodeIgniter\Database\BaseConnection->query('INSERT INTO discount
		(user_id, type, \'from\', \'to\', code,limit,minimum_purchase,x,y,z)
		VALUES
		(746803408127636, , , , , , ,,,)
		')
 2 APPPATH\Controllers\discount.php(119): App\Models\Comman_model->run_query('INSERT INTO discount
		(user_id, type, \'from\', \'to\', code,limit,minimum_purchase,x,y,z)
		VALUES
		(746803408127636, , , , , , ,,,)
		')
 3 SYSTEMPATH\CodeIgniter.php(942): App\Controllers\discount->add_discount()
 4 SYSTEMPATH\CodeIgniter.php(502): CodeIgniter\CodeIgniter->runController(Object(App\Controllers\discount))
 5 SYSTEMPATH\CodeIgniter.php(361): CodeIgniter\CodeIgniter->handleRequest(null, Object(Config\Cache), false)
 6 FCPATH\index.php(79): CodeIgniter\CodeIgniter->run()
CRITICAL - 2024-06-09 18:21:43 --> Undefined variable $from
in APPPATH\Controllers\discount.php on line 118.
 1 APPPATH\Controllers\discount.php(118): CodeIgniter\Debug\Exceptions->errorHandler(2, 'Undefined variable $from', 'C:\\xampp-2\\htdocs\\market\\app\\Controllers\\discount.php', 118)
 2 SYSTEMPATH\CodeIgniter.php(942): App\Controllers\discount->add_discount()
 3 SYSTEMPATH\CodeIgniter.php(502): CodeIgniter\CodeIgniter->runController(Object(App\Controllers\discount))
 4 SYSTEMPATH\CodeIgniter.php(361): CodeIgniter\CodeIgniter->handleRequest(null, Object(Config\Cache), false)
 5 FCPATH\index.php(79): CodeIgniter\CodeIgniter->run()
CRITICAL - 2024-06-09 18:26:34 --> Undefined array key 1
in APPPATH\Views\discount\index.php on line 148.
 1 APPPATH\Views\discount\index.php(148): CodeIgniter\Debug\Exceptions->errorHandler(2, 'Undefined array key 1', 'C:\\xampp-2\\htdocs\\market\\app\\Views\\discount\\index.php', 148)
 2 SYSTEMPATH\View\View.php(228): include('C:\\xampp-2\\htdocs\\market\\app\\Views\\discount\\index.php')
 3 SYSTEMPATH\View\View.php(231): CodeIgniter\View\View->CodeIgniter\View\{closure}()
 4 SYSTEMPATH\Common.php(1190): CodeIgniter\View\View->render('discount/index', [], true)
 5 APPPATH\Controllers\discount.php(76): view('discount/index', [...])
 6 SYSTEMPATH\CodeIgniter.php(942): App\Controllers\discount->index()
 7 SYSTEMPATH\CodeIgniter.php(502): CodeIgniter\CodeIgniter->runController(Object(App\Controllers\discount))
 8 SYSTEMPATH\CodeIgniter.php(361): CodeIgniter\CodeIgniter->handleRequest(null, Object(Config\Cache), false)
 9 FCPATH\index.php(79): CodeIgniter\CodeIgniter->run()
CRITICAL - 2024-06-09 18:26:50 --> Undefined array key 1
in APPPATH\Views\discount\index.php on line 149.
 1 APPPATH\Views\discount\index.php(149): CodeIgniter\Debug\Exceptions->errorHandler(2, 'Undefined array key 1', 'C:\\xampp-2\\htdocs\\market\\app\\Views\\discount\\index.php', 149)
 2 SYSTEMPATH\View\View.php(228): include('C:\\xampp-2\\htdocs\\market\\app\\Views\\discount\\index.php')
 3 SYSTEMPATH\View\View.php(231): CodeIgniter\View\View->CodeIgniter\View\{closure}()
 4 SYSTEMPATH\Common.php(1190): CodeIgniter\View\View->render('discount/index', [], true)
 5 APPPATH\Controllers\discount.php(76): view('discount/index', [...])
 6 SYSTEMPATH\CodeIgniter.php(942): App\Controllers\discount->index()
 7 SYSTEMPATH\CodeIgniter.php(502): CodeIgniter\CodeIgniter->runController(Object(App\Controllers\discount))
 8 SYSTEMPATH\CodeIgniter.php(361): CodeIgniter\CodeIgniter->handleRequest(null, Object(Config\Cache), false)
 9 FCPATH\index.php(79): CodeIgniter\CodeIgniter->run()
CRITICAL - 2024-06-09 18:27:30 --> Undefined array key "$postsfetch['type']"
in APPPATH\Views\discount\index.php on line 149.
 1 APPPATH\Views\discount\index.php(149): CodeIgniter\Debug\Exceptions->errorHandler(2, 'Undefined array key "$postsfetch[\'type\']"', 'C:\\xampp-2\\htdocs\\market\\app\\Views\\discount\\index.php', 149)
 2 SYSTEMPATH\View\View.php(228): include('C:\\xampp-2\\htdocs\\market\\app\\Views\\discount\\index.php')
 3 SYSTEMPATH\View\View.php(231): CodeIgniter\View\View->CodeIgniter\View\{closure}()
 4 SYSTEMPATH\Common.php(1190): CodeIgniter\View\View->render('discount/index', [], true)
 5 APPPATH\Controllers\discount.php(76): view('discount/index', [...])
 6 SYSTEMPATH\CodeIgniter.php(942): App\Controllers\discount->index()
 7 SYSTEMPATH\CodeIgniter.php(502): CodeIgniter\CodeIgniter->runController(Object(App\Controllers\discount))
 8 SYSTEMPATH\CodeIgniter.php(361): CodeIgniter\CodeIgniter->handleRequest(null, Object(Config\Cache), false)
 9 FCPATH\index.php(79): CodeIgniter\CodeIgniter->run()
CRITICAL - 2024-06-09 18:31:14 --> Undefined array key 1
in APPPATH\Views\discount\index.php on line 149.
 1 APPPATH\Views\discount\index.php(149): CodeIgniter\Debug\Exceptions->errorHandler(2, 'Undefined array key 1', 'C:\\xampp-2\\htdocs\\market\\app\\Views\\discount\\index.php', 149)
 2 SYSTEMPATH\View\View.php(228): include('C:\\xampp-2\\htdocs\\market\\app\\Views\\discount\\index.php')
 3 SYSTEMPATH\View\View.php(231): CodeIgniter\View\View->CodeIgniter\View\{closure}()
 4 SYSTEMPATH\Common.php(1190): CodeIgniter\View\View->render('discount/index', [], true)
 5 APPPATH\Controllers\discount.php(76): view('discount/index', [...])
 6 SYSTEMPATH\CodeIgniter.php(942): App\Controllers\discount->index()
 7 SYSTEMPATH\CodeIgniter.php(502): CodeIgniter\CodeIgniter->runController(Object(App\Controllers\discount))
 8 SYSTEMPATH\CodeIgniter.php(361): CodeIgniter\CodeIgniter->handleRequest(null, Object(Config\Cache), false)
 9 FCPATH\index.php(79): CodeIgniter\CodeIgniter->run()
CRITICAL - 2024-06-09 18:32:35 --> Undefined array key 1
in APPPATH\Views\discount\index.php on line 149.
 1 APPPATH\Views\discount\index.php(149): CodeIgniter\Debug\Exceptions->errorHandler(2, 'Undefined array key 1', 'C:\\xampp-2\\htdocs\\market\\app\\Views\\discount\\index.php', 149)
 2 SYSTEMPATH\View\View.php(228): include('C:\\xampp-2\\htdocs\\market\\app\\Views\\discount\\index.php')
 3 SYSTEMPATH\View\View.php(231): CodeIgniter\View\View->CodeIgniter\View\{closure}()
 4 SYSTEMPATH\Common.php(1190): CodeIgniter\View\View->render('discount/index', [], true)
 5 APPPATH\Controllers\discount.php(76): view('discount/index', [...])
 6 SYSTEMPATH\CodeIgniter.php(942): App\Controllers\discount->index()
 7 SYSTEMPATH\CodeIgniter.php(502): CodeIgniter\CodeIgniter->runController(Object(App\Controllers\discount))
 8 SYSTEMPATH\CodeIgniter.php(361): CodeIgniter\CodeIgniter->handleRequest(null, Object(Config\Cache), false)
 9 FCPATH\index.php(79): CodeIgniter\CodeIgniter->run()
